{"/home/travis/build/npmtest/node-npmtest-cordova-plugin-qrscanner/test.js":{"path":"/home/travis/build/npmtest/node-npmtest-cordova-plugin-qrscanner/test.js","s":{"1":2,"2":2,"3":2,"4":2,"5":2,"6":2,"7":2,"8":1,"9":2,"10":2,"11":1,"12":1,"13":1,"14":1,"15":2,"16":2,"17":2,"18":2,"19":1,"20":1,"21":2,"22":2,"23":2,"24":1,"25":1,"26":1,"27":1,"28":1,"29":1,"30":1,"31":1,"32":1,"33":1,"34":1,"35":1,"36":1,"37":1,"38":1,"39":2,"40":2,"41":1,"42":2,"43":2,"44":1,"45":2,"46":2,"47":1,"48":2,"49":2,"50":1,"51":1,"52":1,"53":1,"54":1},"b":{"1":[2,1,1,1],"2":[1,1,1,1],"3":[1,1],"4":[1,1],"5":[1,1],"6":[1,1],"7":[1,1],"8":[1,1],"9":[1,1],"10":[1,1,1],"11":[1,1],"12":[1,1],"13":[1,1],"14":[1,1],"15":[1,1],"16":[1,1],"17":[1,1]},"f":{"1":2,"2":2,"3":2,"4":2,"5":2,"6":1,"7":1,"8":1,"9":2,"10":2,"11":2,"12":2,"13":1},"fnMap":{"1":{"name":"(anonymous_1)","line":12,"loc":{"start":{"line":12,"column":1},"end":{"line":12,"column":13}}},"2":{"name":"(anonymous_2)","line":19,"loc":{"start":{"line":19,"column":5},"end":{"line":19,"column":17}}},"3":{"name":"(anonymous_3)","line":23,"loc":{"start":{"line":23,"column":24},"end":{"line":23,"column":36}}},"4":{"name":"(anonymous_4)","line":61,"loc":{"start":{"line":61,"column":5},"end":{"line":61,"column":17}}},"5":{"name":"(anonymous_5)","line":82,"loc":{"start":{"line":82,"column":5},"end":{"line":82,"column":17}}},"6":{"name":"(anonymous_6)","line":91,"loc":{"start":{"line":91,"column":77},"end":{"line":94,"column":10}}},"7":{"name":"(anonymous_7)","line":112,"loc":{"start":{"line":112,"column":83},"end":{"line":115,"column":10}},"skip":true},"8":{"name":"(anonymous_8)","line":123,"loc":{"start":{"line":123,"column":77},"end":{"line":126,"column":10}},"skip":true},"9":{"name":"(anonymous_9)","line":139,"loc":{"start":{"line":139,"column":12},"end":{"line":139,"column":40}},"skip":true},"10":{"name":"(anonymous_10)","line":147,"loc":{"start":{"line":147,"column":77},"end":{"line":150,"column":10}},"skip":true},"11":{"name":"(anonymous_11)","line":158,"loc":{"start":{"line":158,"column":83},"end":{"line":161,"column":10}},"skip":true},"12":{"name":"(anonymous_12)","line":169,"loc":{"start":{"line":169,"column":79},"end":{"line":172,"column":10}},"skip":true},"13":{"name":"(anonymous_13)","line":180,"loc":{"start":{"line":180,"column":75},"end":{"line":183,"column":10}},"skip":true}},"statementMap":{"1":{"start":{"line":12,"column":0},"end":{"line":195,"column":5}},"2":{"start":{"line":14,"column":4},"end":{"line":14,"column":14}},"3":{"start":{"line":19,"column":4},"end":{"line":56,"column":9}},"4":{"start":{"line":21,"column":8},"end":{"line":21,"column":19}},"5":{"start":{"line":23,"column":8},"end":{"line":35,"column":13}},"6":{"start":{"line":24,"column":12},"end":{"line":34,"column":13}},"7":{"start":{"line":25,"column":16},"end":{"line":28,"column":30}},"8":{"start":{"line":30,"column":16},"end":{"line":33,"column":27}},"9":{"start":{"line":37,"column":8},"end":{"line":39,"column":21}},"10":{"start":{"line":40,"column":8},"end":{"line":53,"column":9}},"11":{"start":{"line":43,"column":12},"end":{"line":46,"column":14}},"12":{"start":{"line":47,"column":12},"end":{"line":47,"column":18}},"13":{"start":{"line":50,"column":12},"end":{"line":51,"column":33}},"14":{"start":{"line":52,"column":12},"end":{"line":52,"column":18}},"15":{"start":{"line":55,"column":8},"end":{"line":55,"column":35}},"16":{"start":{"line":61,"column":4},"end":{"line":63,"column":9}},"17":{"start":{"line":62,"column":8},"end":{"line":62,"column":15}},"18":{"start":{"line":64,"column":4},"end":{"line":77,"column":5}},"19":{"start":{"line":70,"column":8},"end":{"line":70,"column":14}},"20":{"start":{"line":76,"column":8},"end":{"line":76,"column":14}},"21":{"start":{"line":82,"column":4},"end":{"line":84,"column":9}},"22":{"start":{"line":83,"column":8},"end":{"line":83,"column":15}},"23":{"start":{"line":85,"column":4},"end":{"line":194,"column":5}},"24":{"start":{"line":91,"column":8},"end":{"line":99,"column":10}},"25":{"start":{"line":98,"column":12},"end":{"line":98,"column":35}},"26":{"start":{"line":102,"column":8},"end":{"line":104,"column":63}},"27":{"start":{"line":105,"column":8},"end":{"line":105,"column":14}},"28":{"start":{"line":112,"column":8},"end":{"line":121,"column":10},"skip":true},"29":{"start":{"line":119,"column":12},"end":{"line":119,"column":55},"skip":true},"30":{"start":{"line":120,"column":12},"end":{"line":120,"column":48},"skip":true},"31":{"start":{"line":123,"column":8},"end":{"line":136,"column":10},"skip":true},"32":{"start":{"line":130,"column":12},"end":{"line":130,"column":76},"skip":true},"33":{"start":{"line":131,"column":12},"end":{"line":131,"column":73},"skip":true},"34":{"start":{"line":132,"column":12},"end":{"line":132,"column":74},"skip":true},"35":{"start":{"line":133,"column":12},"end":{"line":133,"column":79},"skip":true},"36":{"start":{"line":134,"column":12},"end":{"line":134,"column":25},"skip":true},"37":{"start":{"line":135,"column":12},"end":{"line":135,"column":45},"skip":true},"38":{"start":{"line":138,"column":8},"end":{"line":145,"column":14},"skip":true},"39":{"start":{"line":143,"column":16},"end":{"line":143,"column":29},"skip":true},"40":{"start":{"line":144,"column":16},"end":{"line":144,"column":55},"skip":true},"41":{"start":{"line":147,"column":8},"end":{"line":156,"column":10},"skip":true},"42":{"start":{"line":154,"column":12},"end":{"line":154,"column":25},"skip":true},"43":{"start":{"line":155,"column":12},"end":{"line":155,"column":45},"skip":true},"44":{"start":{"line":158,"column":8},"end":{"line":167,"column":10},"skip":true},"45":{"start":{"line":165,"column":12},"end":{"line":165,"column":25},"skip":true},"46":{"start":{"line":166,"column":12},"end":{"line":166,"column":48},"skip":true},"47":{"start":{"line":169,"column":8},"end":{"line":178,"column":10},"skip":true},"48":{"start":{"line":176,"column":12},"end":{"line":176,"column":25},"skip":true},"49":{"start":{"line":177,"column":12},"end":{"line":177,"column":46},"skip":true},"50":{"start":{"line":180,"column":8},"end":{"line":189,"column":10},"skip":true},"51":{"start":{"line":187,"column":12},"end":{"line":187,"column":94},"skip":true},"52":{"start":{"line":188,"column":12},"end":{"line":188,"column":48},"skip":true},"53":{"start":{"line":192,"column":8},"end":{"line":192,"column":35},"skip":true},"54":{"start":{"line":193,"column":8},"end":{"line":193,"column":14},"skip":true}},"branchMap":{"1":{"line":25,"type":"binary-expr","locations":[{"start":{"line":25,"column":23},"end":{"line":25,"column":62}},{"start":{"line":26,"column":20},"end":{"line":26,"column":70}},{"start":{"line":27,"column":20},"end":{"line":27,"column":71}},{"start":{"line":28,"column":20},"end":{"line":28,"column":29}}]},"2":{"line":30,"type":"binary-expr","locations":[{"start":{"line":30,"column":23},"end":{"line":30,"column":37}},{"start":{"line":31,"column":20},"end":{"line":31,"column":61}},{"start":{"line":32,"column":20},"end":{"line":32,"column":70}},{"start":{"line":33,"column":20},"end":{"line":33,"column":26}}]},"3":{"line":37,"type":"cond-expr","locations":[{"start":{"line":38,"column":14},"end":{"line":38,"column":20}},{"start":{"line":39,"column":14},"end":{"line":39,"column":20}}]},"4":{"line":40,"type":"switch","locations":[{"start":{"line":42,"column":8},"end":{"line":47,"column":18}},{"start":{"line":49,"column":8},"end":{"line":52,"column":18}}]},"5":{"line":44,"type":"binary-expr","locations":[{"start":{"line":44,"column":16},"end":{"line":44,"column":44}},{"start":{"line":44,"column":48},"end":{"line":44,"column":66}}]},"6":{"line":50,"type":"binary-expr","locations":[{"start":{"line":50,"column":21},"end":{"line":50,"column":49}},{"start":{"line":50,"column":53},"end":{"line":50,"column":72}}]},"7":{"line":64,"type":"switch","locations":[{"start":{"line":69,"column":4},"end":{"line":70,"column":14}},{"start":{"line":75,"column":4},"end":{"line":76,"column":14}}]},"8":{"line":85,"type":"switch","locations":[{"start":{"line":90,"column":4},"end":{"line":105,"column":14}},{"start":{"line":111,"column":4},"end":{"line":193,"column":14},"skip":true}]},"9":{"line":91,"type":"binary-expr","locations":[{"start":{"line":91,"column":42},"end":{"line":91,"column":73}},{"start":{"line":91,"column":77},"end":{"line":99,"column":9}}]},"10":{"line":102,"type":"binary-expr","locations":[{"start":{"line":102,"column":18},"end":{"line":102,"column":32}},{"start":{"line":103,"column":12},"end":{"line":103,"column":53}},{"start":{"line":104,"column":12},"end":{"line":104,"column":61}}]},"11":{"line":112,"type":"binary-expr","locations":[{"start":{"line":112,"column":45},"end":{"line":112,"column":79},"skip":true},{"start":{"line":112,"column":83},"end":{"line":121,"column":9},"skip":true}]},"12":{"line":123,"type":"binary-expr","locations":[{"start":{"line":123,"column":42},"end":{"line":123,"column":73},"skip":true},{"start":{"line":123,"column":77},"end":{"line":136,"column":9},"skip":true}]},"13":{"line":138,"type":"binary-expr","locations":[{"start":{"line":138,"column":48},"end":{"line":138,"column":85},"skip":true},{"start":{"line":139,"column":12},"end":{"line":145,"column":13},"skip":true}]},"14":{"line":147,"type":"binary-expr","locations":[{"start":{"line":147,"column":42},"end":{"line":147,"column":73},"skip":true},{"start":{"line":147,"column":77},"end":{"line":156,"column":9},"skip":true}]},"15":{"line":158,"type":"binary-expr","locations":[{"start":{"line":158,"column":45},"end":{"line":158,"column":79},"skip":true},{"start":{"line":158,"column":83},"end":{"line":167,"column":9},"skip":true}]},"16":{"line":169,"type":"binary-expr","locations":[{"start":{"line":169,"column":43},"end":{"line":169,"column":75},"skip":true},{"start":{"line":169,"column":79},"end":{"line":178,"column":9},"skip":true}]},"17":{"line":180,"type":"binary-expr","locations":[{"start":{"line":180,"column":41},"end":{"line":180,"column":71},"skip":true},{"start":{"line":180,"column":75},"end":{"line":189,"column":9},"skip":true}]}},"code":["/* istanbul instrument in package npmtest_cordova_plugin_qrscanner */","/*jslint","    bitwise: true,","    browser: true,","    maxerr: 8,","    maxlen: 96,","    node: true,","    nomen: true,","    regexp: true,","    stupid: true","*/","(function () {","    'use strict';","    var local;","","","","    // run shared js-env code - pre-init","    (function () {","        // init local","        local = {};","        // init modeJs","        local.modeJs = (function () {","            try {","                return typeof navigator.userAgent === 'string' &&","                    typeof document.querySelector('body') === 'object' &&","                    typeof XMLHttpRequest.prototype.open === 'function' &&","                    'browser';","            } catch (errorCaughtBrowser) {","                return module.exports &&","                    typeof process.versions.node === 'string' &&","                    typeof require('http').createServer === 'function' &&","                    'node';","            }","        }());","        // init global","        local.global = local.modeJs === 'browser'","            ? window","            : global;","        switch (local.modeJs) {","        // re-init local from window.local","        case 'browser':","            local = local.global.utility2.objectSetDefault(","                local.global.utility2_rollup || local.global.local,","                local.global.utility2","            );","            break;","        // re-init local from example.js","        case 'node':","            local = (local.global.utility2_rollup || require('utility2'))","                .requireReadme();","            break;","        }","        // export local","        local.global.local = local;","    }());","","","","    // run shared js-env code - function","    (function () {","        return;","    }());","    switch (local.modeJs) {","","","","    // run browser js-env code - function","    case 'browser':","        break;","","","","    // run node js-env code - function","    case 'node':","        break;","    }","","","","    // run shared js-env code - post-init","    (function () {","        return;","    }());","    switch (local.modeJs) {","","","","    // run browser js-env code - post-init","    case 'browser':","        local.testCase_browser_nullCase = local.testCase_browser_nullCase || function (","            options,","            onError","        ) {","        /*","         * this function will test browsers's null-case handling-behavior-behavior","         */","            onError(null, options);","        };","","        // run tests","        local.nop(local.modeTest &&","            document.querySelector('#testRunButton1') &&","            document.querySelector('#testRunButton1').click());","        break;","","","","    // run node js-env code - post-init","    /* istanbul ignore next */","    case 'node':","        local.testCase_buildApidoc_default = local.testCase_buildApidoc_default || function (","            options,","            onError","        ) {","        /*","         * this function will test buildApidoc's default handling-behavior-behavior","         */","            options = { modulePathList: module.paths };","            local.buildApidoc(options, onError);","        };","","        local.testCase_buildApp_default = local.testCase_buildApp_default || function (","            options,","            onError","        ) {","        /*","         * this function will test buildApp's default handling-behavior-behavior","         */","            local.testCase_buildReadme_default(options, local.onErrorThrow);","            local.testCase_buildLib_default(options, local.onErrorThrow);","            local.testCase_buildTest_default(options, local.onErrorThrow);","            local.testCase_buildCustomOrg_default(options, local.onErrorThrow);","            options = [];","            local.buildApp(options, onError);","        };","","        local.testCase_buildCustomOrg_default = local.testCase_buildCustomOrg_default ||","            function (options, onError) {","            /*","             * this function will test buildCustomOrg's default handling-behavior","             */","                options = {};","                local.buildCustomOrg(options, onError);","            };","","        local.testCase_buildLib_default = local.testCase_buildLib_default || function (","            options,","            onError","        ) {","        /*","         * this function will test buildLib's default handling-behavior","         */","            options = {};","            local.buildLib(options, onError);","        };","","        local.testCase_buildReadme_default = local.testCase_buildReadme_default || function (","            options,","            onError","        ) {","        /*","         * this function will test buildReadme's default handling-behavior-behavior","         */","            options = {};","            local.buildReadme(options, onError);","        };","","        local.testCase_buildTest_default = local.testCase_buildTest_default || function (","            options,","            onError","        ) {","        /*","         * this function will test buildTest's default handling-behavior","         */","            options = {};","            local.buildTest(options, onError);","        };","","        local.testCase_webpage_default = local.testCase_webpage_default || function (","            options,","            onError","        ) {","        /*","         * this function will test webpage's default handling-behavior","         */","            options = { modeCoverageMerge: true, url: local.serverLocalHost + '?modeTest=1' };","            local.browserTest(options, onError);","        };","","        // run test-server","        local.testRunServer(local);","        break;","    }","}());",""],"l":{"12":2,"14":2,"19":2,"21":2,"23":2,"24":2,"25":2,"30":1,"37":2,"40":2,"43":1,"47":1,"50":1,"52":1,"55":2,"61":2,"62":2,"64":2,"70":1,"76":1,"82":2,"83":2,"85":2,"91":1,"98":1,"102":1,"105":1,"112":1,"119":1,"120":1,"123":1,"130":1,"131":1,"132":1,"133":1,"134":1,"135":1,"138":1,"143":2,"144":2,"147":1,"154":2,"155":2,"158":1,"165":2,"166":2,"169":1,"176":2,"177":2,"180":1,"187":1,"188":1,"192":1,"193":1}},"/home/travis/build/npmtest/node-npmtest-cordova-plugin-qrscanner/lib.npmtest_cordova_plugin_qrscanner.js":{"path":"/home/travis/build/npmtest/node-npmtest-cordova-plugin-qrscanner/lib.npmtest_cordova_plugin_qrscanner.js","s":{"1":2,"2":2,"3":2,"4":2,"5":2,"6":2,"7":2,"8":1,"9":2,"10":2,"11":2,"12":2,"13":1,"14":1,"15":1,"16":1},"b":{"1":[2,1,1,1],"2":[1,1,1,1],"3":[1,1],"4":[2,2],"5":[1,1]},"f":{"1":2,"2":2,"3":2},"fnMap":{"1":{"name":"(anonymous_1)","line":12,"loc":{"start":{"line":12,"column":1},"end":{"line":12,"column":13}}},"2":{"name":"(anonymous_2)","line":19,"loc":{"start":{"line":19,"column":5},"end":{"line":19,"column":17}}},"3":{"name":"(anonymous_3)","line":23,"loc":{"start":{"line":23,"column":24},"end":{"line":23,"column":36}}}},"statementMap":{"1":{"start":{"line":12,"column":0},"end":{"line":53,"column":5}},"2":{"start":{"line":14,"column":4},"end":{"line":14,"column":14}},"3":{"start":{"line":19,"column":4},"end":{"line":52,"column":9}},"4":{"start":{"line":21,"column":8},"end":{"line":21,"column":19}},"5":{"start":{"line":23,"column":8},"end":{"line":35,"column":13}},"6":{"start":{"line":24,"column":12},"end":{"line":34,"column":13}},"7":{"start":{"line":25,"column":16},"end":{"line":28,"column":30}},"8":{"start":{"line":30,"column":16},"end":{"line":33,"column":27}},"9":{"start":{"line":37,"column":8},"end":{"line":39,"column":21}},"10":{"start":{"line":41,"column":8},"end":{"line":41,"column":54}},"11":{"start":{"line":43,"column":8},"end":{"line":43,"column":69}},"12":{"start":{"line":45,"column":8},"end":{"line":51,"column":9}},"13":{"start":{"line":46,"column":12},"end":{"line":46,"column":75}},"14":{"start":{"line":48,"column":12},"end":{"line":48,"column":35}},"15":{"start":{"line":49,"column":12},"end":{"line":49,"column":49}},"16":{"start":{"line":50,"column":12},"end":{"line":50,"column":43}}},"branchMap":{"1":{"line":25,"type":"binary-expr","locations":[{"start":{"line":25,"column":23},"end":{"line":25,"column":62}},{"start":{"line":26,"column":20},"end":{"line":26,"column":70}},{"start":{"line":27,"column":20},"end":{"line":27,"column":71}},{"start":{"line":28,"column":20},"end":{"line":28,"column":29}}]},"2":{"line":30,"type":"binary-expr","locations":[{"start":{"line":30,"column":23},"end":{"line":30,"column":37}},{"start":{"line":31,"column":20},"end":{"line":31,"column":61}},{"start":{"line":32,"column":20},"end":{"line":32,"column":70}},{"start":{"line":33,"column":20},"end":{"line":33,"column":26}}]},"3":{"line":37,"type":"cond-expr","locations":[{"start":{"line":38,"column":14},"end":{"line":38,"column":20}},{"start":{"line":39,"column":14},"end":{"line":39,"column":20}}]},"4":{"line":41,"type":"binary-expr","locations":[{"start":{"line":41,"column":16},"end":{"line":41,"column":44}},{"start":{"line":41,"column":48},"end":{"line":41,"column":53}}]},"5":{"line":45,"type":"if","locations":[{"start":{"line":45,"column":8},"end":{"line":45,"column":8}},{"start":{"line":45,"column":8},"end":{"line":45,"column":8}}]}},"code":["/* istanbul instrument in package npmtest_cordova_plugin_qrscanner */","/*jslint","    bitwise: true,","    browser: true,","    maxerr: 8,","    maxlen: 96,","    node: true,","    nomen: true,","    regexp: true,","    stupid: true","*/","(function () {","    'use strict';","    var local;","","","","    // run shared js-env code - pre-init","    (function () {","        // init local","        local = {};","        // init modeJs","        local.modeJs = (function () {","            try {","                return typeof navigator.userAgent === 'string' &&","                    typeof document.querySelector('body') === 'object' &&","                    typeof XMLHttpRequest.prototype.open === 'function' &&","                    'browser';","            } catch (errorCaughtBrowser) {","                return module.exports &&","                    typeof process.versions.node === 'string' &&","                    typeof require('http').createServer === 'function' &&","                    'node';","            }","        }());","        // init global","        local.global = local.modeJs === 'browser'","            ? window","            : global;","        // init utility2_rollup","        local = local.global.utility2_rollup || local;","        // init lib","        local.local = local.npmtest_cordova_plugin_qrscanner = local;","        // init exports","        if (local.modeJs === 'browser') {","            local.global.utility2_npmtest_cordova_plugin_qrscanner = local;","        } else {","            module.exports = local;","            module.exports.__dirname = __dirname;","            module.exports.module = module;","        }","    }());","}());",""],"l":{"12":2,"14":2,"19":2,"21":2,"23":2,"24":2,"25":2,"30":1,"37":2,"41":2,"43":2,"45":2,"46":1,"48":1,"49":1,"50":1}},"/home/travis/build/npmtest/node-npmtest-cordova-plugin-qrscanner/example.js":{"path":"/home/travis/build/npmtest/node-npmtest-cordova-plugin-qrscanner/example.js","s":{"1":2,"2":2,"3":2,"4":2,"5":2,"6":2,"7":2,"8":1,"9":2,"10":2,"11":2,"12":2,"13":1,"14":2,"15":2,"16":2,"17":2,"18":2,"19":0,"20":2,"21":1,"22":1,"23":1,"24":1,"25":1,"26":0,"27":0,"28":1,"29":1,"30":2,"31":0,"32":0,"33":0,"34":1,"35":2,"36":2,"37":3,"38":3,"39":3,"40":3,"41":0,"42":3,"43":3,"44":3,"45":1,"46":3,"47":1,"48":1,"49":1,"50":1,"51":1,"52":1,"53":1,"54":1,"55":1,"56":1,"57":0,"58":1,"59":6,"60":6,"61":1,"62":2,"63":0,"64":2,"65":1,"66":1,"67":0,"68":0,"69":0,"70":0,"71":0,"72":0,"73":0,"74":0,"75":0,"76":0,"77":0,"78":0,"79":0,"80":0,"81":0,"82":0,"83":0},"b":{"1":[2,1,1,1],"2":[1,1,1,1],"3":[1,1],"4":[2,2],"5":[1,1],"6":[1,1],"7":[2,0],"8":[2,1,1,1,1,1],"9":[0,2,0],"10":[1,1],"11":[2,1,1],"12":[1,0],"13":[0,2],"14":[2,0,0,0,0,0,0],"15":[0,3],"16":[3,0],"17":[1,1],"18":[0,1],"19":[1,2,0,2],"20":[1,0],"21":[1,1],"22":[0,0],"23":[0,0],"24":[0,0],"25":[0,0],"26":[0,0],"27":[0,0],"28":[0,0]},"f":{"1":2,"2":2,"3":2,"4":2,"5":2,"6":2,"7":3,"8":3,"9":3,"10":1,"11":6,"12":0},"fnMap":{"1":{"name":"(anonymous_1)","line":26,"loc":{"start":{"line":26,"column":1},"end":{"line":26,"column":13}}},"2":{"name":"(anonymous_2)","line":33,"loc":{"start":{"line":33,"column":5},"end":{"line":33,"column":17}}},"3":{"name":"(anonymous_3)","line":37,"loc":{"start":{"line":37,"column":24},"end":{"line":37,"column":36}}},"4":{"name":"(anonymous_4)","line":69,"loc":{"start":{"line":69,"column":31},"end":{"line":69,"column":48}},"skip":true},"5":{"name":"(anonymous_5)","line":78,"loc":{"start":{"line":78,"column":26},"end":{"line":78,"column":45}},"skip":true},"6":{"name":"(anonymous_6)","line":123,"loc":{"start":{"line":123,"column":33},"end":{"line":123,"column":48}},"skip":true},"7":{"name":"(anonymous_7)","line":125,"loc":{"start":{"line":125,"column":27},"end":{"line":125,"column":39}},"skip":true},"8":{"name":"(anonymous_8)","line":133,"loc":{"start":{"line":133,"column":59},"end":{"line":133,"column":74}},"skip":true},"9":{"name":"(anonymous_9)","line":143,"loc":{"start":{"line":143,"column":45},"end":{"line":143,"column":62}},"skip":true},"10":{"name":"(anonymous_10)","line":144,"loc":{"start":{"line":144,"column":73},"end":{"line":144,"column":92}},"skip":true},"11":{"name":"(anonymous_11)","line":272,"loc":{"start":{"line":272,"column":51},"end":{"line":272,"column":77}},"skip":true},"12":{"name":"(anonymous_12)","line":315,"loc":{"start":{"line":315,"column":32},"end":{"line":315,"column":61}},"skip":true}},"statementMap":{"1":{"start":{"line":26,"column":0},"end":{"line":326,"column":5}},"2":{"start":{"line":28,"column":4},"end":{"line":28,"column":14}},"3":{"start":{"line":33,"column":4},"end":{"line":60,"column":9}},"4":{"start":{"line":35,"column":8},"end":{"line":35,"column":19}},"5":{"start":{"line":37,"column":8},"end":{"line":49,"column":13}},"6":{"start":{"line":38,"column":12},"end":{"line":48,"column":13}},"7":{"start":{"line":39,"column":16},"end":{"line":42,"column":30}},"8":{"start":{"line":44,"column":16},"end":{"line":47,"column":27}},"9":{"start":{"line":51,"column":8},"end":{"line":53,"column":21}},"10":{"start":{"line":55,"column":8},"end":{"line":57,"column":45}},"11":{"start":{"line":59,"column":8},"end":{"line":59,"column":35}},"12":{"start":{"line":61,"column":4},"end":{"line":325,"column":5}},"13":{"start":{"line":69,"column":8},"end":{"line":121,"column":10},"skip":true},"14":{"start":{"line":70,"column":12},"end":{"line":88,"column":13},"skip":true},"15":{"start":{"line":76,"column":16},"end":{"line":87,"column":19},"skip":true},"16":{"start":{"line":79,"column":20},"end":{"line":86,"column":21},"skip":true},"17":{"start":{"line":82,"column":24},"end":{"line":82,"column":43},"skip":true},"18":{"start":{"line":83,"column":24},"end":{"line":83,"column":30},"skip":true},"19":{"start":{"line":85,"column":24},"end":{"line":85,"column":49},"skip":true},"20":{"start":{"line":89,"column":12},"end":{"line":107,"column":13},"skip":true},"21":{"start":{"line":92,"column":16},"end":{"line":102,"column":17},"skip":true},"22":{"start":{"line":93,"column":20},"end":{"line":93,"column":86},"skip":true},"23":{"start":{"line":94,"column":20},"end":{"line":95,"column":45},"skip":true},"24":{"start":{"line":96,"column":20},"end":{"line":96,"column":42},"skip":true},"25":{"start":{"line":97,"column":20},"end":{"line":97,"column":48},"skip":true},"26":{"start":{"line":100,"column":20},"end":{"line":100,"column":85},"skip":true},"27":{"start":{"line":101,"column":20},"end":{"line":101,"column":96},"skip":true},"28":{"start":{"line":103,"column":16},"end":{"line":103,"column":22},"skip":true},"29":{"start":{"line":106,"column":16},"end":{"line":106,"column":22},"skip":true},"30":{"start":{"line":108,"column":12},"end":{"line":120,"column":13},"skip":true},"31":{"start":{"line":114,"column":16},"end":{"line":119,"column":17},"skip":true},"32":{"start":{"line":116,"column":20},"end":{"line":116,"column":78},"skip":true},"33":{"start":{"line":118,"column":20},"end":{"line":118,"column":47},"skip":true},"34":{"start":{"line":123,"column":8},"end":{"line":141,"column":11},"skip":true},"35":{"start":{"line":124,"column":12},"end":{"line":124,"column":54},"skip":true},"36":{"start":{"line":125,"column":12},"end":{"line":140,"column":14},"skip":true},"37":{"start":{"line":126,"column":16},"end":{"line":126,"column":28},"skip":true},"38":{"start":{"line":127,"column":16},"end":{"line":127,"column":69},"skip":true},"39":{"start":{"line":128,"column":16},"end":{"line":128,"column":75},"skip":true},"40":{"start":{"line":129,"column":16},"end":{"line":131,"column":17},"skip":true},"41":{"start":{"line":130,"column":20},"end":{"line":130,"column":27},"skip":true},"42":{"start":{"line":133,"column":16},"end":{"line":137,"column":36},"skip":true},"43":{"start":{"line":134,"column":20},"end":{"line":136,"column":55},"skip":true},"44":{"start":{"line":139,"column":16},"end":{"line":139,"column":57},"skip":true},"45":{"start":{"line":143,"column":8},"end":{"line":147,"column":11},"skip":true},"46":{"start":{"line":144,"column":12},"end":{"line":146,"column":15},"skip":true},"47":{"start":{"line":145,"column":16},"end":{"line":145,"column":70},"skip":true},"48":{"start":{"line":149,"column":8},"end":{"line":149,"column":31},"skip":true},"49":{"start":{"line":150,"column":8},"end":{"line":150,"column":14},"skip":true},"50":{"start":{"line":158,"column":8},"end":{"line":158,"column":31},"skip":true},"51":{"start":{"line":160,"column":8},"end":{"line":160,"column":33},"skip":true},"52":{"start":{"line":161,"column":8},"end":{"line":161,"column":37},"skip":true},"53":{"start":{"line":162,"column":8},"end":{"line":162,"column":35},"skip":true},"54":{"start":{"line":164,"column":8},"end":{"line":164,"column":50},"skip":true},"55":{"start":{"line":166,"column":8},"end":{"line":256,"column":2},"skip":true},"56":{"start":{"line":258,"column":8},"end":{"line":286,"column":9},"skip":true},"57":{"start":{"line":259,"column":12},"end":{"line":269,"column":14},"skip":true},"58":{"start":{"line":271,"column":12},"end":{"line":285,"column":19},"skip":true},"59":{"start":{"line":274,"column":20},"end":{"line":274,"column":35},"skip":true},"60":{"start":{"line":275,"column":20},"end":{"line":284,"column":21},"skip":true},"61":{"start":{"line":277,"column":24},"end":{"line":277,"column":64},"skip":true},"62":{"start":{"line":279,"column":24},"end":{"line":279,"column":40},"skip":true},"63":{"start":{"line":281,"column":24},"end":{"line":281,"column":40},"skip":true},"64":{"start":{"line":283,"column":24},"end":{"line":283,"column":39},"skip":true},"65":{"start":{"line":288,"column":8},"end":{"line":290,"column":9},"skip":true},"66":{"start":{"line":289,"column":12},"end":{"line":289,"column":18},"skip":true},"67":{"start":{"line":291,"column":8},"end":{"line":293,"column":54},"skip":true},"68":{"start":{"line":296,"column":8},"end":{"line":301,"column":37},"skip":true},"69":{"start":{"line":303,"column":8},"end":{"line":303,"column":82},"skip":true},"70":{"start":{"line":306,"column":8},"end":{"line":308,"column":9},"skip":true},"71":{"start":{"line":307,"column":12},"end":{"line":307,"column":82},"skip":true},"72":{"start":{"line":310,"column":8},"end":{"line":312,"column":9},"skip":true},"73":{"start":{"line":311,"column":12},"end":{"line":311,"column":18},"skip":true},"74":{"start":{"line":313,"column":8},"end":{"line":313,"column":54},"skip":true},"75":{"start":{"line":314,"column":8},"end":{"line":314,"column":69},"skip":true},"76":{"start":{"line":315,"column":8},"end":{"line":323,"column":36},"skip":true},"77":{"start":{"line":316,"column":12},"end":{"line":316,"column":61},"skip":true},"78":{"start":{"line":317,"column":12},"end":{"line":320,"column":13},"skip":true},"79":{"start":{"line":318,"column":16},"end":{"line":318,"column":75},"skip":true},"80":{"start":{"line":319,"column":16},"end":{"line":319,"column":23},"skip":true},"81":{"start":{"line":321,"column":12},"end":{"line":321,"column":38},"skip":true},"82":{"start":{"line":322,"column":12},"end":{"line":322,"column":27},"skip":true},"83":{"start":{"line":324,"column":8},"end":{"line":324,"column":14},"skip":true}},"branchMap":{"1":{"line":39,"type":"binary-expr","locations":[{"start":{"line":39,"column":23},"end":{"line":39,"column":62}},{"start":{"line":40,"column":20},"end":{"line":40,"column":70}},{"start":{"line":41,"column":20},"end":{"line":41,"column":71}},{"start":{"line":42,"column":20},"end":{"line":42,"column":29}}]},"2":{"line":44,"type":"binary-expr","locations":[{"start":{"line":44,"column":23},"end":{"line":44,"column":37}},{"start":{"line":45,"column":20},"end":{"line":45,"column":61}},{"start":{"line":46,"column":20},"end":{"line":46,"column":70}},{"start":{"line":47,"column":20},"end":{"line":47,"column":26}}]},"3":{"line":51,"type":"cond-expr","locations":[{"start":{"line":52,"column":14},"end":{"line":52,"column":20}},{"start":{"line":53,"column":14},"end":{"line":53,"column":20}}]},"4":{"line":55,"type":"binary-expr","locations":[{"start":{"line":55,"column":16},"end":{"line":55,"column":44}},{"start":{"line":55,"column":49},"end":{"line":57,"column":43}}]},"5":{"line":55,"type":"cond-expr","locations":[{"start":{"line":56,"column":14},"end":{"line":56,"column":68}},{"start":{"line":57,"column":14},"end":{"line":57,"column":43}}]},"6":{"line":61,"type":"switch","locations":[{"start":{"line":68,"column":4},"end":{"line":150,"column":14},"skip":true},{"start":{"line":156,"column":4},"end":{"line":324,"column":14},"skip":true}]},"7":{"line":70,"type":"if","locations":[{"start":{"line":70,"column":12},"end":{"line":70,"column":12},"skip":true},{"start":{"line":70,"column":12},"end":{"line":70,"column":12},"skip":true}]},"8":{"line":70,"type":"binary-expr","locations":[{"start":{"line":70,"column":16},"end":{"line":70,"column":22},"skip":true},{"start":{"line":70,"column":27},"end":{"line":70,"column":32},"skip":true},{"start":{"line":71,"column":20},"end":{"line":71,"column":39},"skip":true},{"start":{"line":72,"column":20},"end":{"line":72,"column":49},"skip":true},{"start":{"line":73,"column":20},"end":{"line":73,"column":58},"skip":true},{"start":{"line":74,"column":20},"end":{"line":74,"column":69},"skip":true}]},"9":{"line":79,"type":"switch","locations":[{"start":{"line":80,"column":20},"end":{"line":80,"column":33},"skip":true},{"start":{"line":81,"column":20},"end":{"line":83,"column":30},"skip":true},{"start":{"line":84,"column":20},"end":{"line":85,"column":49},"skip":true}]},"10":{"line":89,"type":"switch","locations":[{"start":{"line":90,"column":12},"end":{"line":103,"column":22},"skip":true},{"start":{"line":105,"column":12},"end":{"line":106,"column":22},"skip":true}]},"11":{"line":89,"type":"binary-expr","locations":[{"start":{"line":89,"column":20},"end":{"line":89,"column":25},"skip":true},{"start":{"line":89,"column":29},"end":{"line":89,"column":48},"skip":true},{"start":{"line":89,"column":52},"end":{"line":89,"column":74},"skip":true}]},"12":{"line":92,"type":"if","locations":[{"start":{"line":92,"column":16},"end":{"line":92,"column":16},"skip":true},{"start":{"line":92,"column":16},"end":{"line":92,"column":16},"skip":true}]},"13":{"line":108,"type":"if","locations":[{"start":{"line":108,"column":12},"end":{"line":108,"column":12},"skip":true},{"start":{"line":108,"column":12},"end":{"line":108,"column":12},"skip":true}]},"14":{"line":108,"type":"binary-expr","locations":[{"start":{"line":108,"column":16},"end":{"line":108,"column":61},"skip":true},{"start":{"line":108,"column":66},"end":{"line":108,"column":72},"skip":true},{"start":{"line":108,"column":77},"end":{"line":108,"column":82},"skip":true},{"start":{"line":109,"column":20},"end":{"line":109,"column":39},"skip":true},{"start":{"line":110,"column":20},"end":{"line":110,"column":49},"skip":true},{"start":{"line":111,"column":20},"end":{"line":111,"column":58},"skip":true},{"start":{"line":112,"column":20},"end":{"line":112,"column":68},"skip":true}]},"15":{"line":129,"type":"if","locations":[{"start":{"line":129,"column":16},"end":{"line":129,"column":16},"skip":true},{"start":{"line":129,"column":16},"end":{"line":129,"column":16},"skip":true}]},"16":{"line":134,"type":"cond-expr","locations":[{"start":{"line":135,"column":26},"end":{"line":135,"column":29},"skip":true},{"start":{"line":136,"column":26},"end":{"line":136,"column":54},"skip":true}]},"17":{"line":164,"type":"binary-expr","locations":[{"start":{"line":164,"column":27},"end":{"line":164,"column":43},"skip":true},{"start":{"line":164,"column":47},"end":{"line":164,"column":49},"skip":true}]},"18":{"line":258,"type":"if","locations":[{"start":{"line":258,"column":8},"end":{"line":258,"column":8},"skip":true},{"start":{"line":258,"column":8},"end":{"line":258,"column":8},"skip":true}]},"19":{"line":275,"type":"switch","locations":[{"start":{"line":276,"column":20},"end":{"line":277,"column":64},"skip":true},{"start":{"line":278,"column":20},"end":{"line":279,"column":40},"skip":true},{"start":{"line":280,"column":20},"end":{"line":281,"column":40},"skip":true},{"start":{"line":282,"column":20},"end":{"line":283,"column":39},"skip":true}]},"20":{"line":288,"type":"if","locations":[{"start":{"line":288,"column":8},"end":{"line":288,"column":8},"skip":true},{"start":{"line":288,"column":8},"end":{"line":288,"column":8},"skip":true}]},"21":{"line":288,"type":"binary-expr","locations":[{"start":{"line":288,"column":12},"end":{"line":288,"column":40},"skip":true},{"start":{"line":288,"column":44},"end":{"line":288,"column":67},"skip":true}]},"22":{"line":292,"type":"binary-expr","locations":[{"start":{"line":292,"column":12},"end":{"line":292,"column":50},"skip":true},{"start":{"line":293,"column":12},"end":{"line":293,"column":53},"skip":true}]},"23":{"line":297,"type":"binary-expr","locations":[{"start":{"line":297,"column":12},"end":{"line":297,"column":82},"skip":true},{"start":{"line":298,"column":12},"end":{"line":301,"column":36},"skip":true}]},"24":{"line":303,"type":"binary-expr","locations":[{"start":{"line":303,"column":43},"end":{"line":303,"column":75},"skip":true},{"start":{"line":303,"column":79},"end":{"line":303,"column":81},"skip":true}]},"25":{"line":306,"type":"if","locations":[{"start":{"line":306,"column":8},"end":{"line":306,"column":8},"skip":true},{"start":{"line":306,"column":8},"end":{"line":306,"column":8},"skip":true}]},"26":{"line":310,"type":"if","locations":[{"start":{"line":310,"column":8},"end":{"line":310,"column":8},"skip":true},{"start":{"line":310,"column":8},"end":{"line":310,"column":8},"skip":true}]},"27":{"line":313,"type":"binary-expr","locations":[{"start":{"line":313,"column":27},"end":{"line":313,"column":43},"skip":true},{"start":{"line":313,"column":47},"end":{"line":313,"column":53},"skip":true}]},"28":{"line":317,"type":"if","locations":[{"start":{"line":317,"column":12},"end":{"line":317,"column":12},"skip":true},{"start":{"line":317,"column":12},"end":{"line":317,"column":12},"skip":true}]}},"code":["/*","example.js","","quickstart example","","instruction","    1. save this script as example.js","    2. run the shell command:","        $ npm install npmtest-cordova-plugin-qrscanner && PORT=8081 node example.js","    3. play with the browser-demo on http://127.0.0.1:8081","*/","","","","/* istanbul instrument in package npmtest_cordova_plugin_qrscanner */","/*jslint","    bitwise: true,","    browser: true,","    maxerr: 8,","    maxlen: 96,","    node: true,","    nomen: true,","    regexp: true,","    stupid: true","*/","(function () {","    'use strict';","    var local;","","","","    // run shared js-env code - pre-init","    (function () {","        // init local","        local = {};","        // init modeJs","        local.modeJs = (function () {","            try {","                return typeof navigator.userAgent === 'string' &&","                    typeof document.querySelector('body') === 'object' &&","                    typeof XMLHttpRequest.prototype.open === 'function' &&","                    'browser';","            } catch (errorCaughtBrowser) {","                return module.exports &&","                    typeof process.versions.node === 'string' &&","                    typeof require('http').createServer === 'function' &&","                    'node';","            }","        }());","        // init global","        local.global = local.modeJs === 'browser'","            ? window","            : global;","        // init utility2_rollup","        local = local.global.utility2_rollup || (local.modeJs === 'browser'","            ? local.global.utility2_npmtest_cordova_plugin_qrscanner","            : global.utility2_moduleExports);","        // export local","        local.global.local = local;","    }());","    switch (local.modeJs) {","","","","    // post-init","    // run browser js-env code - post-init","    /* istanbul ignore next */","    case 'browser':","        local.testRunBrowser = function (event) {","            if (!event || (event &&","                    event.currentTarget &&","                    event.currentTarget.className &&","                    event.currentTarget.className.includes &&","                    event.currentTarget.className.includes('onreset'))) {","                // reset output","                Array.from(","                    document.querySelectorAll('body > .resettable')","                ).forEach(function (element) {","                    switch (element.tagName) {","                    case 'INPUT':","                    case 'TEXTAREA':","                        element.value = '';","                        break;","                    default:","                        element.textContent = '';","                    }","                });","            }","            switch (event && event.currentTarget && event.currentTarget.id) {","            case 'testRunButton1':","                // show tests","                if (document.querySelector('#testReportDiv1').style.display === 'none') {","                    document.querySelector('#testReportDiv1').style.display = 'block';","                    document.querySelector('#testRunButton1').textContent =","                        'hide internal test';","                    local.modeTest = true;","                    local.testRunDefault(local);","                // hide tests","                } else {","                    document.querySelector('#testReportDiv1').style.display = 'none';","                    document.querySelector('#testRunButton1').textContent = 'run internal test';","                }","                break;","            // custom-case","            default:","                break;","            }","            if (document.querySelector('#inputTextareaEval1') && (!event || (event &&","                    event.currentTarget &&","                    event.currentTarget.className &&","                    event.currentTarget.className.includes &&","                    event.currentTarget.className.includes('oneval')))) {","                // try to eval input-code","                try {","                    /*jslint evil: true*/","                    eval(document.querySelector('#inputTextareaEval1').value);","                } catch (errorCaught) {","                    console.error(errorCaught);","                }","            }","        };","        // log stderr and stdout to #outputTextareaStdout1","        ['error', 'log'].forEach(function (key) {","            console[key + '_original'] = console[key];","            console[key] = function () {","                var element;","                console[key + '_original'].apply(console, arguments);","                element = document.querySelector('#outputTextareaStdout1');","                if (!element) {","                    return;","                }","                // append text to #outputTextareaStdout1","                element.value += Array.from(arguments).map(function (arg) {","                    return typeof arg === 'string'","                        ? arg","                        : JSON.stringify(arg, null, 4);","                }).join(' ') + '\\n';","                // scroll textarea to bottom","                element.scrollTop = element.scrollHeight;","            };","        });","        // init event-handling","        ['change', 'click', 'keyup'].forEach(function (event) {","            Array.from(document.querySelectorAll('.on' + event)).forEach(function (element) {","                element.addEventListener(event, local.testRunBrowser);","            });","        });","        // run tests","        local.testRunBrowser();","        break;","","","","    // run node js-env code - post-init","    /* istanbul ignore next */","    case 'node':","        // export local","        module.exports = local;","        // require modules","        local.fs = require('fs');","        local.http = require('http');","        local.url = require('url');","        // init assets","        local.assetsDict = local.assetsDict || {};","        /* jslint-ignore-begin */","        local.assetsDict['/assets.index.template.html'] = '\\","<!doctype html>\\n\\","<html lang=\"en\">\\n\\","<head>\\n\\","<meta charset=\"UTF-8\">\\n\\","<meta name=\"viewport\" content=\"width=device-width, initial-scale=1\">\\n\\","<title>{{env.npm_package_name}} (v{{env.npm_package_version}})</title>\\n\\","<style>\\n\\","/*csslint\\n\\","    box-sizing: false,\\n\\","    universal-selector: false\\n\\","*/\\n\\","* {\\n\\","    box-sizing: border-box;\\n\\","}\\n\\","body {\\n\\","    background: #dde;\\n\\","    font-family: Arial, Helvetica, sans-serif;\\n\\","    margin: 2rem;\\n\\","}\\n\\","body > * {\\n\\","    margin-bottom: 1rem;\\n\\","}\\n\\",".utility2FooterDiv {\\n\\","    margin-top: 20px;\\n\\","    text-align: center;\\n\\","}\\n\\","</style>\\n\\","<style>\\n\\","/*csslint\\n\\","*/\\n\\","textarea {\\n\\","    font-family: monospace;\\n\\","    height: 10rem;\\n\\","    width: 100%;\\n\\","}\\n\\","textarea[readonly] {\\n\\","    background: #ddd;\\n\\","}\\n\\","</style>\\n\\","</head>\\n\\","<body>\\n\\","<!-- utility2-comment\\n\\","<div id=\"ajaxProgressDiv1\" style=\"background: #d00; height: 2px; left: 0; margin: 0; padding: 0; position: fixed; top: 0; transition: background 0.5s, width 1.5s; width: 25%;\"></div>\\n\\","utility2-comment -->\\n\\","<h1>\\n\\","<!-- utility2-comment\\n\\","    <a\\n\\","        {{#if env.npm_package_homepage}}\\n\\","        href=\"{{env.npm_package_homepage}}\"\\n\\","        {{/if env.npm_package_homepage}}\\n\\","        target=\"_blank\"\\n\\","    >\\n\\","utility2-comment -->\\n\\","        {{env.npm_package_name}} (v{{env.npm_package_version}})\\n\\","<!-- utility2-comment\\n\\","    </a>\\n\\","utility2-comment -->\\n\\","</h1>\\n\\","<h3>{{env.npm_package_description}}</h3>\\n\\","<!-- utility2-comment\\n\\","<h4><a download href=\"assets.app.js\">download standalone app</a></h4>\\n\\","<button class=\"onclick onreset\" id=\"testRunButton1\">run internal test</button><br>\\n\\","<div id=\"testReportDiv1\" style=\"display: none;\"></div>\\n\\","utility2-comment -->\\n\\","\\n\\","\\n\\","\\n\\","<label>stderr and stdout</label>\\n\\","<textarea class=\"resettable\" id=\"outputTextareaStdout1\" readonly></textarea>\\n\\","<!-- utility2-comment\\n\\","{{#if isRollup}}\\n\\","<script src=\"assets.app.js\"></script>\\n\\","{{#unless isRollup}}\\n\\","utility2-comment -->\\n\\","<script src=\"assets.utility2.rollup.js\"></script>\\n\\","<script src=\"jsonp.utility2._stateInit?callback=window.utility2._stateInit\"></script>\\n\\","<script src=\"assets.npmtest_cordova_plugin_qrscanner.rollup.js\"></script>\\n\\","<script src=\"assets.example.js\"></script>\\n\\","<script src=\"assets.test.js\"></script>\\n\\","<!-- utility2-comment\\n\\","{{/if isRollup}}\\n\\","utility2-comment -->\\n\\","<div class=\"utility2FooterDiv\">\\n\\","    [ this app was created with\\n\\","    <a href=\"https://github.com/kaizhu256/node-utility2\" target=\"_blank\">utility2</a>\\n\\","    ]\\n\\","</div>\\n\\","</body>\\n\\","</html>\\n\\","';","        /* jslint-ignore-end */","        if (local.templateRender) {","            local.assetsDict['/'] = local.templateRender(","                local.assetsDict['/assets.index.template.html'],","                {","                    env: local.objectSetDefault(local.env, {","                        npm_package_description: 'the greatest app in the world!',","                        npm_package_name: 'my-app',","                        npm_package_nameAlias: 'my_app',","                        npm_package_version: '0.0.1'","                    })","                }","            );","        } else {","            local.assetsDict['/'] = local.assetsDict['/assets.index.template.html']","                .replace((/\\{\\{env\\.(\\w+?)\\}\\}/g), function (match0, match1) {","                    // jslint-hack","                    String(match0);","                    switch (match1) {","                    case 'npm_package_description':","                        return 'the greatest app in the world!';","                    case 'npm_package_name':","                        return 'my-app';","                    case 'npm_package_nameAlias':","                        return 'my_app';","                    case 'npm_package_version':","                        return '0.0.1';","                    }","                });","        }","        // run the cli","        if (local.global.utility2_rollup || module !== require.main) {","            break;","        }","        local.assetsDict['/assets.example.js'] =","            local.assetsDict['/assets.example.js'] ||","            local.fs.readFileSync(__filename, 'utf8');","        // bug-workaround - long $npm_package_buildCustomOrg","        /* jslint-ignore-begin */","        local.assetsDict['/assets.npmtest_cordova_plugin_qrscanner.rollup.js'] =","            local.assetsDict['/assets.npmtest_cordova_plugin_qrscanner.rollup.js'] ||","            local.fs.readFileSync(","                local.npmtest_cordova_plugin_qrscanner.__dirname + '/lib.npmtest_cordova_plugin_qrscanner.js',","                'utf8'","            ).replace((/^#!/), '//');","        /* jslint-ignore-end */","        local.assetsDict['/favicon.ico'] = local.assetsDict['/favicon.ico'] || '';","        // if $npm_config_timeout_exit exists,","        // then exit this process after $npm_config_timeout_exit ms","        if (Number(process.env.npm_config_timeout_exit)) {","            setTimeout(process.exit, Number(process.env.npm_config_timeout_exit));","        }","        // start server","        if (local.global.utility2_serverHttp1) {","            break;","        }","        process.env.PORT = process.env.PORT || '8081';","        console.error('server starting on port ' + process.env.PORT);","        local.http.createServer(function (request, response) {","            request.urlParsed = local.url.parse(request.url);","            if (local.assetsDict[request.urlParsed.pathname] !== undefined) {","                response.end(local.assetsDict[request.urlParsed.pathname]);","                return;","            }","            response.statusCode = 404;","            response.end();","        }).listen(process.env.PORT);","        break;","    }","}());",""],"l":{"26":2,"28":2,"33":2,"35":2,"37":2,"38":2,"39":2,"44":1,"51":2,"55":2,"59":2,"61":2,"69":1,"70":2,"76":2,"79":2,"82":2,"83":2,"85":1,"89":2,"92":1,"93":1,"94":1,"96":1,"97":1,"100":1,"101":1,"103":1,"106":1,"108":2,"114":1,"116":1,"118":1,"123":1,"124":2,"125":2,"126":3,"127":3,"128":3,"129":3,"130":1,"133":3,"134":3,"139":3,"143":1,"144":3,"145":1,"149":1,"150":1,"158":1,"160":1,"161":1,"162":1,"164":1,"166":1,"258":1,"259":1,"271":1,"274":6,"275":6,"277":1,"279":2,"281":1,"283":2,"288":1,"289":1,"291":1,"296":1,"303":1,"306":1,"307":1,"310":1,"311":1,"313":1,"314":1,"315":1,"316":1,"317":1,"318":1,"319":1,"321":1,"322":1,"324":1}},"/home/travis/build/npmtest/node-npmtest-cordova-plugin-qrscanner/node_modules/cordova-plugin-qrscanner/gulpfile.js":{"path":"/home/travis/build/npmtest/node-npmtest-cordova-plugin-qrscanner/node_modules/cordova-plugin-qrscanner/gulpfile.js","s":{"1":2,"2":0,"3":0,"4":0,"5":1,"6":0,"7":0,"8":0,"9":0,"10":0,"11":0,"12":0,"13":0,"14":0,"15":0,"16":0,"17":0,"18":0,"19":0,"20":0,"21":0,"22":0,"23":0},"b":{},"f":{"1":0,"2":0,"3":0,"4":0,"5":0,"6":0,"7":0},"fnMap":{"1":{"name":"webpack","line":9,"loc":{"start":{"line":9,"column":0},"end":{"line":9,"column":34}}},"2":{"name":"(anonymous_2)","line":18,"loc":{"start":{"line":18,"column":21},"end":{"line":18,"column":33}}},"3":{"name":"(anonymous_3)","line":22,"loc":{"start":{"line":22,"column":42},"end":{"line":22,"column":54}}},"4":{"name":"(anonymous_4)","line":26,"loc":{"start":{"line":26,"column":31},"end":{"line":26,"column":43}}},"5":{"name":"(anonymous_5)","line":30,"loc":{"start":{"line":30,"column":40},"end":{"line":30,"column":52}}},"6":{"name":"(anonymous_6)","line":36,"loc":{"start":{"line":36,"column":31},"end":{"line":36,"column":43}}},"7":{"name":"(anonymous_7)","line":41,"loc":{"start":{"line":41,"column":28},"end":{"line":41,"column":40}}}},"statementMap":{"1":{"start":{"line":3,"column":0},"end":{"line":3,"column":29}},"2":{"start":{"line":4,"column":0},"end":{"line":4,"column":38}},"3":{"start":{"line":5,"column":0},"end":{"line":5,"column":24}},"4":{"start":{"line":7,"column":0},"end":{"line":7,"column":74}},"5":{"start":{"line":9,"column":0},"end":{"line":16,"column":1}},"6":{"start":{"line":10,"column":2},"end":{"line":10,"column":45}},"7":{"start":{"line":11,"column":2},"end":{"line":15,"column":5}},"8":{"start":{"line":12,"column":4},"end":{"line":12,"column":24}},"9":{"start":{"line":13,"column":4},"end":{"line":13,"column":24}},"10":{"start":{"line":14,"column":4},"end":{"line":14,"column":20}},"11":{"start":{"line":18,"column":0},"end":{"line":20,"column":3}},"12":{"start":{"line":19,"column":2},"end":{"line":19,"column":43}},"13":{"start":{"line":22,"column":0},"end":{"line":24,"column":3}},"14":{"start":{"line":23,"column":2},"end":{"line":23,"column":43}},"15":{"start":{"line":26,"column":0},"end":{"line":28,"column":3}},"16":{"start":{"line":27,"column":2},"end":{"line":27,"column":43}},"17":{"start":{"line":30,"column":0},"end":{"line":34,"column":3}},"18":{"start":{"line":31,"column":2},"end":{"line":33,"column":27}},"19":{"start":{"line":36,"column":0},"end":{"line":39,"column":3}},"20":{"start":{"line":37,"column":2},"end":{"line":38,"column":34}},"21":{"start":{"line":41,"column":0},"end":{"line":44,"column":3}},"22":{"start":{"line":42,"column":2},"end":{"line":43,"column":26}},"23":{"start":{"line":46,"column":0},"end":{"line":46,"column":48}}},"branchMap":{},"code":["'use strict';","","const gulp = require('gulp');","const insert = require('gulp-insert');","const fs= require('fs');","","const remap = fs.readFileSync('src/common/src/cordova-remap.js', 'utf-8');","","function webpack(config, callback){","  const exec = require('child_process').exec;","  exec(__dirname + '/node_modules/.bin/webpack --config ' + config, (error, stdout, stderr) => {","    console.log(stdout);","    console.log(stderr);","    callback(error);","  });","}","","gulp.task('prepack', function(cb){","  webpack('webpack.prepack.config.js', cb);","});","","gulp.task('webpack-cordova', ['prepack'], function(cb){","  webpack('webpack.cordova.config.js', cb);","});","","gulp.task('dist', ['prepack'], function(cb){","  webpack('webpack.library.config.js', cb);","});","","gulp.task('remap', ['webpack-cordova'], function () {","  return gulp.src(['dist/plugin.min.js', 'dist/www.min.js'])","  .pipe(insert.prepend(remap))","  .pipe(gulp.dest('dist'));","});","","gulp.task('plugin', ['remap'], function () {","  return gulp.src(['dist/plugin.min.js'])","  .pipe(gulp.dest('src/browser'));","});","","gulp.task('www', ['remap'], function () {","  return gulp.src(['dist/www.min.js'])","  .pipe(gulp.dest('www'));","});","","gulp.task('default', ['dist', 'plugin', 'www']);",""],"l":{"3":2,"4":0,"5":0,"7":0,"9":1,"10":0,"11":0,"12":0,"13":0,"14":0,"18":0,"19":0,"22":0,"23":0,"26":0,"27":0,"30":0,"31":0,"36":0,"37":0,"41":0,"42":0,"46":0}},"/home/travis/build/npmtest/node-npmtest-cordova-plugin-qrscanner/node_modules/cordova-plugin-qrscanner/webpack.cordova.config.js":{"path":"/home/travis/build/npmtest/node-npmtest-cordova-plugin-qrscanner/node_modules/cordova-plugin-qrscanner/webpack.cordova.config.js","s":{"1":2,"2":0},"b":{},"f":{},"fnMap":{},"statementMap":{"1":{"start":{"line":1,"column":0},"end":{"line":1,"column":35}},"2":{"start":{"line":3,"column":0},"end":{"line":23,"column":1}}},"branchMap":{},"code":["const webpack = require('webpack');","","module.exports = {","  entry: {","    plugin: './src/browser/src/cordova-plugin.js',","    www: './src/common/src/cordova-www.js'","  },","  output: {","    path: './dist',","    filename: '[name].min.js'","  },","  externals: {","    \"webpack/cordova\": \"cordova\",","    \"webpack/cordova/require\": \"cordovaRequire\",","    \"webpack/cordova/exports\": \"cordovaExports\",","    \"webpack/cordova/module\": \"cordovaModule\"","  },","  plugins: [","    // new webpack.optimize.UglifyJsPlugin({","    //   comments: false","    // })","  ]","}",""],"l":{"1":2,"3":0}},"/home/travis/build/npmtest/node-npmtest-cordova-plugin-qrscanner/node_modules/cordova-plugin-qrscanner/webpack.library.config.js":{"path":"/home/travis/build/npmtest/node-npmtest-cordova-plugin-qrscanner/node_modules/cordova-plugin-qrscanner/webpack.library.config.js","s":{"1":2,"2":0},"b":{},"f":{},"fnMap":{},"statementMap":{"1":{"start":{"line":1,"column":0},"end":{"line":1,"column":35}},"2":{"start":{"line":3,"column":0},"end":{"line":21,"column":1}}},"branchMap":{},"code":["const webpack = require('webpack');","","module.exports = {","  devtool: 'source-map',","  entry: {","    library: './src/browser/src/library.js'","  },","  output: {","      path: './dist',","      filename: 'cordova-plugin-qrscanner-lib.min.js',","      library: 'QRScanner',","      libraryTarget: 'umd',","      umdNamedDefine: true","  },","  plugins: [","    new webpack.optimize.UglifyJsPlugin({","      comments: false,","      sourceMap: true","    })","  ]","}",""],"l":{"1":2,"3":0}},"/home/travis/build/npmtest/node-npmtest-cordova-plugin-qrscanner/node_modules/cordova-plugin-qrscanner/webpack.prepack.config.js":{"path":"/home/travis/build/npmtest/node-npmtest-cordova-plugin-qrscanner/node_modules/cordova-plugin-qrscanner/webpack.prepack.config.js","s":{"1":2,"2":0},"b":{},"f":{},"fnMap":{},"statementMap":{"1":{"start":{"line":1,"column":0},"end":{"line":1,"column":35}},"2":{"start":{"line":3,"column":0},"end":{"line":16,"column":1}}},"branchMap":{},"code":["const webpack = require('webpack');","","module.exports = {","  entry: {","    worker: './src/browser/src/worker.js',","  },","  output: {","    path: './src/browser',","    filename: 'worker.min.js'","  },","  plugins: [","    new webpack.optimize.UglifyJsPlugin({","      comments: false","    })","  ]","}",""],"l":{"1":2,"3":0}},"/home/travis/build/npmtest/node-npmtest-cordova-plugin-qrscanner/node_modules/cordova-plugin-qrscanner/hooks/windows/check-arch.js":{"path":"/home/travis/build/npmtest/node-npmtest-cordova-plugin-qrscanner/node_modules/cordova-plugin-qrscanner/hooks/windows/check-arch.js","s":{"1":1,"2":0,"3":0,"4":0,"5":0,"6":0,"7":0,"8":0,"9":0,"10":0,"11":0,"12":0,"13":0,"14":0,"15":0,"16":0,"17":0,"18":0,"19":0,"20":0,"21":0},"b":{"1":[0,0],"2":[0,0,0,0],"3":[0,0],"4":[0,0],"5":[0,0],"6":[0,0],"7":[0,0],"8":[0,0],"9":[0,0],"10":[0,0]},"f":{"1":0,"2":0},"fnMap":{"1":{"name":"(anonymous_1)","line":1,"loc":{"start":{"line":1,"column":17},"end":{"line":1,"column":31}}},"2":{"name":"(anonymous_2)","line":44,"loc":{"start":{"line":44,"column":49},"end":{"line":44,"column":65}}}},"statementMap":{"1":{"start":{"line":1,"column":0},"end":{"line":52,"column":1}},"2":{"start":{"line":2,"column":4},"end":{"line":51,"column":5}},"3":{"start":{"line":4,"column":8},"end":{"line":4,"column":35}},"4":{"start":{"line":5,"column":8},"end":{"line":5,"column":56}},"5":{"start":{"line":6,"column":8},"end":{"line":6,"column":52}},"6":{"start":{"line":9,"column":8},"end":{"line":19,"column":41}},"7":{"start":{"line":22,"column":8},"end":{"line":22,"column":69}},"8":{"start":{"line":25,"column":8},"end":{"line":36,"column":9}},"9":{"start":{"line":26,"column":12},"end":{"line":26,"column":87}},"10":{"start":{"line":28,"column":12},"end":{"line":28,"column":102}},"11":{"start":{"line":29,"column":12},"end":{"line":29,"column":71}},"12":{"start":{"line":31,"column":12},"end":{"line":31,"column":61}},"13":{"start":{"line":32,"column":12},"end":{"line":35,"column":13}},"14":{"start":{"line":33,"column":16},"end":{"line":33,"column":38}},"15":{"start":{"line":34,"column":16},"end":{"line":34,"column":61}},"16":{"start":{"line":39,"column":8},"end":{"line":50,"column":9}},"17":{"start":{"line":40,"column":12},"end":{"line":40,"column":64}},"18":{"start":{"line":41,"column":12},"end":{"line":41,"column":60}},"19":{"start":{"line":44,"column":12},"end":{"line":49,"column":13}},"20":{"start":{"line":45,"column":16},"end":{"line":45,"column":55}},"21":{"start":{"line":47,"column":16},"end":{"line":48,"column":140}}},"branchMap":{"1":{"line":2,"type":"if","locations":[{"start":{"line":2,"column":4},"end":{"line":2,"column":4}},{"start":{"line":2,"column":4},"end":{"line":2,"column":4}}]},"2":{"line":2,"type":"binary-expr","locations":[{"start":{"line":2,"column":8},"end":{"line":2,"column":16}},{"start":{"line":2,"column":20},"end":{"line":2,"column":38}},{"start":{"line":2,"column":42},"end":{"line":2,"column":84}},{"start":{"line":3,"column":11},"end":{"line":3,"column":27}}]},"3":{"line":22,"type":"binary-expr","locations":[{"start":{"line":22,"column":22},"end":{"line":22,"column":31}},{"start":{"line":22,"column":35},"end":{"line":22,"column":68}}]},"4":{"line":25,"type":"if","locations":[{"start":{"line":25,"column":8},"end":{"line":25,"column":8}},{"start":{"line":25,"column":8},"end":{"line":25,"column":8}}]},"5":{"line":32,"type":"if","locations":[{"start":{"line":32,"column":12},"end":{"line":32,"column":12}},{"start":{"line":32,"column":12},"end":{"line":32,"column":12}}]},"6":{"line":39,"type":"if","locations":[{"start":{"line":39,"column":8},"end":{"line":39,"column":8}},{"start":{"line":39,"column":8},"end":{"line":39,"column":8}}]},"7":{"line":40,"type":"binary-expr","locations":[{"start":{"line":40,"column":27},"end":{"line":40,"column":49}},{"start":{"line":40,"column":53},"end":{"line":40,"column":63}}]},"8":{"line":41,"type":"cond-expr","locations":[{"start":{"line":41,"column":35},"end":{"line":41,"column":54}},{"start":{"line":41,"column":57},"end":{"line":41,"column":59}}]},"9":{"line":44,"type":"if","locations":[{"start":{"line":44,"column":12},"end":{"line":44,"column":12}},{"start":{"line":44,"column":12},"end":{"line":44,"column":12}}]},"10":{"line":44,"type":"binary-expr","locations":[{"start":{"line":44,"column":16},"end":{"line":44,"column":34}},{"start":{"line":44,"column":38},"end":{"line":46,"column":14}}]}},"code":["module.exports = function(ctx) {","    if (ctx.opts && ctx.opts.platforms && ctx.opts.platforms.indexOf('windows') > -1","        && ctx.opts.options) {","        var path = require('path');","        var shell = ctx.requireCordovaModule('shelljs');","        var nopt = ctx.requireCordovaModule('nopt');","","        // parse and validate args","        var args = nopt({","            'archs': [String],","            'appx': String,","            'phone': Boolean,","            'win': Boolean,","            'bundle': Boolean,","            'packageCertificateKeyFile': String,","            'packageThumbprint': String,","            'publisherId': String,","            'buildConfig': String","        }, {}, ctx.opts.options.argv, 0);","","        // Check if --appx flag is passed so that we have a project build version override:  ","        var isWin10 = args.appx && args.appx.toLowerCase() === 'uap';","","        // Else check \"windows-target-version\" preference:","        if (!isWin10) {","            var configXml = shell.ls(path.join(ctx.opts.projectRoot, 'config.xml'))[0];","","            var reTargetVersion = /<preference\\s+name=\"windows-target-version\"\\s+value=\"(.+)\"\\s*\\/>/i;","            var targetVersion = shell.grep(reTargetVersion, configXml);","","            var result = reTargetVersion.exec(targetVersion);","            if (result !== null) {","                var match = result[1];","                isWin10 = parseInt(match.split('.'), 10) > 8;","            }","        }","","        // Non-AnyCPU arch is required for Windows 10 (UWP) projects only:","        if (isWin10) {","            var rawArchs = ctx.opts.options.archs || args.archs;","            var archs = rawArchs ? rawArchs.split(' ') : [];","","            // Avoid \"anycpu\" arch:","            if (archs.length === 0 || archs.some(function (item) {","                return item.toLowerCase() === 'anycpu';","            })) {","                throw new Error('You must specify an architecture to include the proper ZXing library version.'","                + '\\nUse \\'cordova run windows -- --arch=\"x64\"\\' or \\'cordova run windows -- --arch=\"arm\" --phone --device\\' for example.');","            }","        }","    }","}",""],"l":{"1":1,"2":0,"4":0,"5":0,"6":0,"9":0,"22":0,"25":0,"26":0,"28":0,"29":0,"31":0,"32":0,"33":0,"34":0,"39":0,"40":0,"41":0,"44":0,"45":0,"47":0}},"/home/travis/build/npmtest/node-npmtest-cordova-plugin-qrscanner/node_modules/cordova-plugin-qrscanner/src/browser/src/cordova-plugin.js":{"path":"/home/travis/build/npmtest/node-npmtest-cordova-plugin-qrscanner/node_modules/cordova-plugin-qrscanner/src/browser/src/cordova-plugin.js","s":{"1":2,"2":0,"3":0,"4":0,"5":0},"b":{},"f":{},"fnMap":{},"statementMap":{"1":{"start":{"line":1,"column":0},"end":{"line":1,"column":56}},"2":{"start":{"line":2,"column":0},"end":{"line":2,"column":54}},"3":{"start":{"line":4,"column":0},"end":{"line":4,"column":70}},"4":{"start":{"line":6,"column":0},"end":{"line":6,"column":50}},"5":{"start":{"line":7,"column":0},"end":{"line":7,"column":77}}},"branchMap":{},"code":["var cordovaRequire = require('webpack/cordova/require');","var cordovaModule = require('webpack/cordova/module');","","var createQRScannerInternal = require('./createQRScannerInternal.js');","","cordovaModule.exports = createQRScannerInternal();","cordovaRequire('cordova/exec/proxy').add('QRScanner', cordovaModule.exports);",""],"l":{"1":2,"2":0,"4":0,"6":0,"7":0}},"/home/travis/build/npmtest/node-npmtest-cordova-plugin-qrscanner/node_modules/cordova-plugin-qrscanner/src/browser/src/createQRScannerInternal.js":{"path":"/home/travis/build/npmtest/node-npmtest-cordova-plugin-qrscanner/node_modules/cordova-plugin-qrscanner/src/browser/src/createQRScannerInternal.js","s":{"1":4,"2":4,"3":0,"4":0,"5":0,"6":0,"7":0,"8":0,"9":0,"10":0,"11":0,"12":0,"13":0,"14":0,"15":0,"16":0,"17":0,"18":1,"19":0,"20":0,"21":1,"22":1,"23":0,"24":0,"25":0,"26":0,"27":0,"28":0,"29":0,"30":0,"31":0,"32":0,"33":0,"34":0,"35":0,"36":0,"37":0,"38":1,"39":0,"40":0,"41":0,"42":0,"43":0,"44":0,"45":0,"46":0,"47":0,"48":0,"49":0,"50":0,"51":0,"52":0,"53":0,"54":0,"55":0,"56":0,"57":1,"58":0,"59":0,"60":0,"61":0,"62":0,"63":0,"64":0,"65":0,"66":0,"67":0,"68":0,"69":0,"70":0,"71":0,"72":0,"73":0,"74":0,"75":0,"76":0,"77":0,"78":0,"79":0,"80":0,"81":0,"82":0,"83":0,"84":0,"85":0,"86":0,"87":1,"88":0,"89":1,"90":0,"91":0,"92":1,"93":0,"94":1,"95":0,"96":1,"97":0,"98":1,"99":0,"100":1,"101":0,"102":0,"103":0,"104":0,"105":1,"106":0,"107":0,"108":0,"109":0,"110":1,"111":0,"112":1,"113":0,"114":1,"115":0,"116":1,"117":0,"118":0,"119":0,"120":0,"121":0,"122":0,"123":0,"124":0,"125":0,"126":0,"127":1,"128":0,"129":0,"130":0,"131":0,"132":0,"133":0,"134":0,"135":1,"136":0,"137":0,"138":1,"139":0,"140":1,"141":0,"142":0,"143":0,"144":0,"145":0,"146":0,"147":0,"148":0,"149":0,"150":0,"151":0,"152":0,"153":0,"154":0,"155":0,"156":0,"157":0,"158":0,"159":0,"160":0,"161":0,"162":0,"163":0,"164":0,"165":0,"166":0,"167":0,"168":1,"169":0,"170":0,"171":1,"172":1,"173":0,"174":0,"175":0,"176":0,"177":0,"178":0,"179":0,"180":1,"181":0,"182":0,"183":0,"184":0,"185":0,"186":0,"187":0,"188":1,"189":0,"190":0,"191":0,"192":0,"193":0,"194":0,"195":0,"196":0,"197":0,"198":0,"199":0,"200":0,"201":0,"202":0,"203":0,"204":0,"205":0,"206":0,"207":0,"208":0,"209":0,"210":0,"211":0,"212":0,"213":1,"214":0,"215":0,"216":0,"217":0,"218":0,"219":0,"220":1,"221":0,"222":0,"223":0,"224":0,"225":0,"226":0,"227":0,"228":0,"229":0,"230":0,"231":0,"232":0,"233":0,"234":1,"235":0,"236":0,"237":0,"238":1,"239":0,"240":1,"241":0,"242":1,"243":0,"244":0,"245":0,"246":0,"247":0,"248":0,"249":0,"250":0,"251":0,"252":0,"253":0,"254":0,"255":1,"256":0,"257":1,"258":0,"259":0,"260":1,"261":0,"262":0,"263":0,"264":0,"265":0,"266":0,"267":0,"268":0,"269":0,"270":0,"271":0,"272":0,"273":0,"274":0},"b":{"1":[0,0],"2":[0,0],"3":[0,0],"4":[0,0],"5":[0,0],"6":[0,0],"7":[0,0],"8":[0,0],"9":[0,0],"10":[0,0,0],"11":[0,0],"12":[0,0],"13":[0,0],"14":[0,0],"15":[0,0],"16":[0,0],"17":[0,0],"18":[0,0],"19":[0,0],"20":[0,0],"21":[0,0],"22":[0,0],"23":[0,0],"24":[0,0],"25":[0,0],"26":[0,0],"27":[0,0],"28":[0,0],"29":[0,0],"30":[0,0],"31":[0,0],"32":[0,0],"33":[0,0],"34":[0,0],"35":[0,0],"36":[0,0],"37":[0,0],"38":[0,0],"39":[0,0],"40":[0,0],"41":[0,0],"42":[0,0],"43":[0,0],"44":[0,0],"45":[0,0],"46":[0,0],"47":[0,0],"48":[0,0,0],"49":[0,0],"50":[0,0],"51":[0,0],"52":[0,0]},"f":{"1":0,"2":0,"3":0,"4":0,"5":0,"6":0,"7":0,"8":0,"9":0,"10":0,"11":0,"12":0,"13":0,"14":0,"15":0,"16":0,"17":0,"18":0,"19":0,"20":0,"21":0,"22":0,"23":0,"24":0,"25":0,"26":0,"27":0,"28":0,"29":0,"30":0,"31":0,"32":0,"33":0,"34":0,"35":0,"36":0,"37":0,"38":0,"39":0,"40":0,"41":0,"42":0,"43":0,"44":0,"45":0,"46":0,"47":0,"48":0,"49":0,"50":0,"51":0,"52":0,"53":0,"54":0,"55":0,"56":0,"57":0,"58":0,"59":0,"60":0,"61":0,"62":0,"63":0,"64":0,"65":0,"66":0,"67":0,"68":0,"69":0,"70":0},"fnMap":{"1":{"name":"(anonymous_1)","line":4,"loc":{"start":{"line":4,"column":17},"end":{"line":4,"column":27}}},"2":{"name":"killStream","line":41,"loc":{"start":{"line":41,"column":2},"end":{"line":41,"column":34}}},"3":{"name":"(anonymous_3)","line":42,"loc":{"start":{"line":42,"column":36},"end":{"line":42,"column":51}}},"4":{"name":"getCameraSpecsById","line":51,"loc":{"start":{"line":51,"column":2},"end":{"line":51,"column":39}}},"5":{"name":"getConstraintObj","line":54,"loc":{"start":{"line":54,"column":4},"end":{"line":54,"column":66}}},"6":{"name":"(anonymous_6)","line":69,"loc":{"start":{"line":69,"column":48},"end":{"line":69,"column":62}}},"7":{"name":"(anonymous_7)","line":72,"loc":{"start":{"line":72,"column":56},"end":{"line":72,"column":71}}},"8":{"name":"(anonymous_8)","line":75,"loc":{"start":{"line":75,"column":57},"end":{"line":75,"column":73}}},"9":{"name":"getFirstResolvingConstraint","line":81,"loc":{"start":{"line":81,"column":4},"end":{"line":81,"column":64}}},"10":{"name":"(anonymous_10)","line":82,"loc":{"start":{"line":82,"column":25},"end":{"line":82,"column":57}}},"11":{"name":"(anonymous_11)","line":84,"loc":{"start":{"line":84,"column":45},"end":{"line":84,"column":66}}},"12":{"name":"(anonymous_12)","line":85,"loc":{"start":{"line":85,"column":28},"end":{"line":85,"column":49}}},"13":{"name":"(anonymous_13)","line":91,"loc":{"start":{"line":91,"column":97},"end":{"line":91,"column":118}}},"14":{"name":"(anonymous_14)","line":97,"loc":{"start":{"line":97,"column":17},"end":{"line":97,"column":27}}},"15":{"name":"(anonymous_15)","line":107,"loc":{"start":{"line":107,"column":17},"end":{"line":107,"column":38}}},"16":{"name":"(anonymous_16)","line":117,"loc":{"start":{"line":117,"column":67},"end":{"line":117,"column":92}}},"17":{"name":"(anonymous_17)","line":118,"loc":{"start":{"line":118,"column":64},"end":{"line":118,"column":84}}},"18":{"name":"(anonymous_18)","line":119,"loc":{"start":{"line":119,"column":67},"end":{"line":119,"column":88}}},"19":{"name":"chooseCameras","line":131,"loc":{"start":{"line":131,"column":2},"end":{"line":131,"column":26}}},"20":{"name":"(anonymous_20)","line":133,"loc":{"start":{"line":133,"column":24},"end":{"line":133,"column":53}}},"21":{"name":"(anonymous_21)","line":134,"loc":{"start":{"line":134,"column":54},"end":{"line":134,"column":68}}},"22":{"name":"(anonymous_22)","line":136,"loc":{"start":{"line":136,"column":13},"end":{"line":136,"column":27}}},"23":{"name":"(anonymous_23)","line":140,"loc":{"start":{"line":140,"column":12},"end":{"line":140,"column":36}}},"24":{"name":"(anonymous_24)","line":145,"loc":{"start":{"line":145,"column":29},"end":{"line":145,"column":41}}},"25":{"name":"(anonymous_25)","line":149,"loc":{"start":{"line":149,"column":12},"end":{"line":149,"column":38}}},"26":{"name":"(anonymous_26)","line":150,"loc":{"start":{"line":150,"column":37},"end":{"line":150,"column":53}}},"27":{"name":"(anonymous_27)","line":155,"loc":{"start":{"line":155,"column":14},"end":{"line":155,"column":28}}},"28":{"name":"(anonymous_28)","line":159,"loc":{"start":{"line":159,"column":12},"end":{"line":159,"column":40}}},"29":{"name":"mediaStreamIsActive","line":196,"loc":{"start":{"line":196,"column":2},"end":{"line":196,"column":32}}},"30":{"name":"killActiveMediaStream","line":200,"loc":{"start":{"line":200,"column":2},"end":{"line":200,"column":34}}},"31":{"name":"getVideoPreview","line":205,"loc":{"start":{"line":205,"column":2},"end":{"line":205,"column":28}}},"32":{"name":"getImg","line":209,"loc":{"start":{"line":209,"column":2},"end":{"line":209,"column":19}}},"33":{"name":"getCurrentCameraIndex","line":213,"loc":{"start":{"line":213,"column":2},"end":{"line":213,"column":34}}},"34":{"name":"getCurrentCamera","line":217,"loc":{"start":{"line":217,"column":2},"end":{"line":217,"column":29}}},"35":{"name":"bringStillToFront","line":221,"loc":{"start":{"line":221,"column":2},"end":{"line":221,"column":30}}},"36":{"name":"bringPreviewToFront","line":229,"loc":{"start":{"line":229,"column":2},"end":{"line":229,"column":32}}},"37":{"name":"isInitialized","line":237,"loc":{"start":{"line":237,"column":2},"end":{"line":237,"column":26}}},"38":{"name":"canChangeCamera","line":241,"loc":{"start":{"line":241,"column":2},"end":{"line":241,"column":28}}},"39":{"name":"calcStatus","line":245,"loc":{"start":{"line":245,"column":2},"end":{"line":245,"column":23}}},"40":{"name":"startCamera","line":272,"loc":{"start":{"line":272,"column":2},"end":{"line":272,"column":38}}},"41":{"name":"(anonymous_41)","line":282,"loc":{"start":{"line":282,"column":14},"end":{"line":282,"column":35}}},"42":{"name":"(anonymous_42)","line":287,"loc":{"start":{"line":287,"column":9},"end":{"line":287,"column":22}}},"43":{"name":"getTempCanvasAndContext","line":295,"loc":{"start":{"line":295,"column":2},"end":{"line":295,"column":48}}},"44":{"name":"getCurrentImageData","line":308,"loc":{"start":{"line":308,"column":2},"end":{"line":308,"column":44}}},"45":{"name":"captureCurrentFrame","line":314,"loc":{"start":{"line":314,"column":2},"end":{"line":314,"column":44}}},"46":{"name":"initialize","line":318,"loc":{"start":{"line":318,"column":2},"end":{"line":318,"column":37}}},"47":{"name":"(anonymous_47)","line":333,"loc":{"start":{"line":333,"column":50},"end":{"line":333,"column":60}}},"48":{"name":"(anonymous_48)","line":350,"loc":{"start":{"line":350,"column":27},"end":{"line":350,"column":44}}},"49":{"name":"(anonymous_49)","line":358,"loc":{"start":{"line":358,"column":9},"end":{"line":358,"column":22}}},"50":{"name":"prepare","line":374,"loc":{"start":{"line":374,"column":2},"end":{"line":374,"column":34}}},"51":{"name":"(anonymous_51)","line":375,"loc":{"start":{"line":375,"column":15},"end":{"line":375,"column":25}}},"52":{"name":"show","line":383,"loc":{"start":{"line":383,"column":2},"end":{"line":383,"column":31}}},"53":{"name":"showCamera","line":384,"loc":{"start":{"line":384,"column":4},"end":{"line":384,"column":25}}},"54":{"name":"(anonymous_54)","line":392,"loc":{"start":{"line":392,"column":17},"end":{"line":392,"column":27}}},"55":{"name":"hide","line":403,"loc":{"start":{"line":403,"column":2},"end":{"line":403,"column":31}}},"56":{"name":"scan","line":415,"loc":{"start":{"line":415,"column":2},"end":{"line":415,"column":32}}},"57":{"name":"(anonymous_57)","line":417,"loc":{"start":{"line":417,"column":9},"end":{"line":417,"column":25}}},"58":{"name":"(anonymous_58)","line":423,"loc":{"start":{"line":423,"column":29},"end":{"line":423,"column":44}}},"59":{"name":"(anonymous_59)","line":431,"loc":{"start":{"line":431,"column":22},"end":{"line":431,"column":32}}},"60":{"name":"(anonymous_60)","line":442,"loc":{"start":{"line":442,"column":25},"end":{"line":442,"column":44}}},"61":{"name":"cancelScan","line":455,"loc":{"start":{"line":455,"column":2},"end":{"line":455,"column":37}}},"62":{"name":"pausePreview","line":466,"loc":{"start":{"line":466,"column":2},"end":{"line":466,"column":39}}},"63":{"name":"resumePreview","line":488,"loc":{"start":{"line":488,"column":2},"end":{"line":488,"column":40}}},"64":{"name":"enableLight","line":496,"loc":{"start":{"line":496,"column":2},"end":{"line":496,"column":38}}},"65":{"name":"disableLight","line":500,"loc":{"start":{"line":500,"column":2},"end":{"line":500,"column":39}}},"66":{"name":"useCamera","line":504,"loc":{"start":{"line":504,"column":2},"end":{"line":504,"column":43}}},"67":{"name":"(anonymous_67)","line":513,"loc":{"start":{"line":513,"column":15},"end":{"line":513,"column":31}}},"68":{"name":"openSettings","line":527,"loc":{"start":{"line":527,"column":2},"end":{"line":527,"column":39}}},"69":{"name":"getStatus","line":531,"loc":{"start":{"line":531,"column":2},"end":{"line":531,"column":36}}},"70":{"name":"destroy","line":539,"loc":{"start":{"line":539,"column":2},"end":{"line":539,"column":34}}}},"statementMap":{"1":{"start":{"line":1,"column":0},"end":{"line":1,"column":26}},"2":{"start":{"line":2,"column":0},"end":{"line":2,"column":58}},"3":{"start":{"line":4,"column":0},"end":{"line":573,"column":2}},"4":{"start":{"line":6,"column":2},"end":{"line":9,"column":4}},"5":{"start":{"line":10,"column":2},"end":{"line":13,"column":4}},"6":{"start":{"line":14,"column":2},"end":{"line":14,"column":24}},"7":{"start":{"line":15,"column":2},"end":{"line":15,"column":25}},"8":{"start":{"line":16,"column":2},"end":{"line":16,"column":24}},"9":{"start":{"line":17,"column":2},"end":{"line":17,"column":31}},"10":{"start":{"line":18,"column":2},"end":{"line":18,"column":23}},"11":{"start":{"line":19,"column":2},"end":{"line":19,"column":25}},"12":{"start":{"line":20,"column":2},"end":{"line":20,"column":24}},"13":{"start":{"line":21,"column":2},"end":{"line":21,"column":27}},"14":{"start":{"line":22,"column":2},"end":{"line":22,"column":22}},"15":{"start":{"line":23,"column":2},"end":{"line":23,"column":28}},"16":{"start":{"line":27,"column":2},"end":{"line":33,"column":4}},"17":{"start":{"line":35,"column":2},"end":{"line":38,"column":4}},"18":{"start":{"line":41,"column":2},"end":{"line":45,"column":3}},"19":{"start":{"line":42,"column":4},"end":{"line":44,"column":7}},"20":{"start":{"line":43,"column":6},"end":{"line":43,"column":19}},"21":{"start":{"line":51,"column":2},"end":{"line":129,"column":3}},"22":{"start":{"line":54,"column":4},"end":{"line":67,"column":5}},"23":{"start":{"line":55,"column":6},"end":{"line":55,"column":44}},"24":{"start":{"line":56,"column":6},"end":{"line":56,"column":45}},"25":{"start":{"line":57,"column":6},"end":{"line":59,"column":7}},"26":{"start":{"line":58,"column":8},"end":{"line":58,"column":51}},"27":{"start":{"line":60,"column":6},"end":{"line":62,"column":7}},"28":{"start":{"line":61,"column":8},"end":{"line":61,"column":41}},"29":{"start":{"line":63,"column":6},"end":{"line":65,"column":7}},"30":{"start":{"line":64,"column":8},"end":{"line":64,"column":43}},"31":{"start":{"line":66,"column":6},"end":{"line":66,"column":17}},"32":{"start":{"line":69,"column":4},"end":{"line":71,"column":7}},"33":{"start":{"line":70,"column":5},"end":{"line":70,"column":45}},"34":{"start":{"line":72,"column":4},"end":{"line":74,"column":7}},"35":{"start":{"line":73,"column":5},"end":{"line":73,"column":52}},"36":{"start":{"line":75,"column":4},"end":{"line":77,"column":7}},"37":{"start":{"line":76,"column":5},"end":{"line":76,"column":59}},"38":{"start":{"line":81,"column":4},"end":{"line":115,"column":5}},"39":{"start":{"line":82,"column":6},"end":{"line":114,"column":9}},"40":{"start":{"line":84,"column":8},"end":{"line":113,"column":11}},"41":{"start":{"line":85,"column":10},"end":{"line":102,"column":13}},"42":{"start":{"line":86,"column":12},"end":{"line":101,"column":13}},"43":{"start":{"line":88,"column":14},"end":{"line":88,"column":33}},"44":{"start":{"line":90,"column":14},"end":{"line":90,"column":48}},"45":{"start":{"line":91,"column":14},"end":{"line":100,"column":17}},"46":{"start":{"line":94,"column":16},"end":{"line":94,"column":40}},"47":{"start":{"line":95,"column":16},"end":{"line":95,"column":41}},"48":{"start":{"line":96,"column":16},"end":{"line":96,"column":35}},"49":{"start":{"line":99,"column":16},"end":{"line":99,"column":35}},"50":{"start":{"line":108,"column":10},"end":{"line":112,"column":11}},"51":{"start":{"line":109,"column":12},"end":{"line":109,"column":63}},"52":{"start":{"line":111,"column":12},"end":{"line":111,"column":41}},"53":{"start":{"line":117,"column":4},"end":{"line":128,"column":7}},"54":{"start":{"line":1
[...]
{"start":{"line":181,"column":6},"end":{"line":181,"column":38}},"103":{"start":{"line":183,"column":6},"end":{"line":198,"column":9}},"104":{"start":{"line":184,"column":8},"end":{"line":197,"column":9}},"105":{"start":{"line":185,"column":10},"end":{"line":185,"column":72}},"106":{"start":{"line":186,"column":10},"end":{"line":196,"column":11}},"107":{"start":{"line":187,"column":12},"end":{"line":193,"column":15}},"108":{"start":{"line":188,"column":14},"end":{"line":192,"column":16}},"109":{"start":{"line":189,"column":16},"end":{"line":191,"column":17}},"110":{"start":{"line":190,"column":18},"end":{"line":190,"column":39}},"111":{"start":{"line":201,"column":4},"end":{"line":205,"column":5}},"112":{"start":{"line":202,"column":6},"end":{"line":204,"column":9}},"113":{"start":{"line":203,"column":8},"end":{"line":203,"column":90}},"114":{"start":{"line":207,"column":4},"end":{"line":207,"column":39}},"115":{"start":{"line":208,"column":4},"end":{"line":208,"column":24}},"116":{"start":{"line":212,"column":2},"end":{"line":234,"column":3}},"117":{"start":{"line":213,"column":4},"end":{"line":213,"column":46}},"118":{"start":{"line":215,"column":4},"end":{"line":233,"column":7}},"119":{"start":{"line":218,"column":6},"end":{"line":220,"column":7}},"120":{"start":{"line":219,"column":8},"end":{"line":219,"column":44}},"121":{"start":{"line":222,"column":6},"end":{"line":224,"column":9}},"122":{"start":{"line":223,"column":8},"end":{"line":223,"column":97}},"123":{"start":{"line":225,"column":6},"end":{"line":227,"column":9}},"124":{"start":{"line":226,"column":8},"end":{"line":226,"column":98}},"125":{"start":{"line":229,"column":6},"end":{"line":232,"column":8}},"126":{"start":{"line":236,"column":2},"end":{"line":249,"column":4}},"127":{"start":{"line":238,"column":6},"end":{"line":245,"column":7}},"128":{"start":{"line":239,"column":8},"end":{"line":241,"column":9}},"129":{"start":{"line":240,"column":10},"end":{"line":240,"column":51}},"130":{"start":{"line":242,"column":8},"end":{"line":244,"column":11}},"131":{"start":{"line":243,"column":10},"end":{"line":243,"column":39}},"132":{"start":{"line":246,"column":6},"end":{"line":246,"column":49}}},"branchMap":{"1":{"line":29,"type":"if","locations":[{"start":{"line":29,"column":6},"end":{"line":29,"column":6}},{"start":{"line":29,"column":6},"end":{"line":29,"column":6}}]},"2":{"line":29,"type":"binary-expr","locations":[{"start":{"line":29,"column":10},"end":{"line":29,"column":18}},{"start":{"line":29,"column":22},"end":{"line":29,"column":49}},{"start":{"line":29,"column":53},"end":{"line":29,"column":90}}]},"3":{"line":38,"type":"if","locations":[{"start":{"line":38,"column":8},"end":{"line":38,"column":8}},{"start":{"line":38,"column":8},"end":{"line":38,"column":8}}]},"4":{"line":40,"type":"if","locations":[{"start":{"line":40,"column":15},"end":{"line":40,"column":15}},{"start":{"line":40,"column":15},"end":{"line":40,"column":15}}]},"5":{"line":54,"type":"if","locations":[{"start":{"line":54,"column":6},"end":{"line":54,"column":6}},{"start":{"line":54,"column":6},"end":{"line":54,"column":6}}]},"6":{"line":61,"type":"switch","locations":[{"start":{"line":62,"column":8},"end":{"line":64,"column":16}},{"start":{"line":65,"column":8},"end":{"line":67,"column":16}},{"start":{"line":68,"column":8},"end":{"line":70,"column":16}},{"start":{"line":71,"column":8},"end":{"line":71,"column":68}},{"start":{"line":72,"column":8},"end":{"line":74,"column":16}}]},"7":{"line":79,"type":"switch","locations":[{"start":{"line":80,"column":8},"end":{"line":81,"column":58}},{"start":{"line":82,"column":8},"end":{"line":83,"column":73}},{"start":{"line":84,"column":8},"end":{"line":85,"column":73}},{"start":{"line":86,"column":8},"end":{"line":86,"column":16}},{"start":{"line":87,"column":8},"end":{"line":88,"column":72}}]},"8":{"line":94,"type":"if","locations":[{"start":{"line":94,"column":8},"end":{"line":94,"column":8}},{"start":{"line":94,"column":8},"end":{"line":94,"column":8}}]},"9":{"line":96,"type":"binary-expr","locations":[{"start":{"line":96,"column":17},"end":{"line":96,"column":34}},{"start":{"line":96,"column":38},"end":{"line":96,"column":65}}]},"10":{"line":108,"type":"if","locations":[{"start":{"line":108,"column":8},"end":{"line":108,"column":8}},{"start":{"line":108,"column":8},"end":{"line":108,"column":8}}]},"11":{"line":123,"type":"if","locations":[{"start":{"line":123,"column":8},"end":{"line":123,"column":8}},{"start":{"line":123,"column":8},"end":{"line":123,"column":8}}]},"12":{"line":125,"type":"binary-expr","locations":[{"start":{"line":125,"column":18},"end":{"line":125,"column":35}},{"start":{"line":125,"column":39},"end":{"line":125,"column":66}},{"start":{"line":126,"column":16},"end":{"line":126,"column":33}},{"start":{"line":126,"column":37},"end":{"line":126,"column":64}}]},"13":{"line":134,"type":"if","locations":[{"start":{"line":134,"column":8},"end":{"line":134,"column":8}},{"start":{"line":134,"column":8},"end":{"line":134,"column":8}}]},"14":{"line":139,"type":"if","locations":[{"start":{"line":139,"column":10},"end":{"line":139,"column":10}},{"start":{"line":139,"column":10},"end":{"line":139,"column":10}}]},"15":{"line":139,"type":"binary-expr","locations":[{"start":{"line":139,"column":14},"end":{"line":139,"column":26}},{"start":{"line":139,"column":30},"end":{"line":139,"column":52}}]},"16":{"line":141,"type":"if","locations":[{"start":{"line":141,"column":12},"end":{"line":141,"column":12}},{"start":{"line":141,"column":12},"end":{"line":141,"column":12}}]},"17":{"line":149,"type":"if","locations":[{"start":{"line":149,"column":8},"end":{"line":149,"column":8}},{"start":{"line":149,"column":8},"end":{"line":149,"column":8}}]},"18":{"line":155,"type":"binary-expr","locations":[{"start":{"line":155,"column":17},"end":{"line":155,"column":29}},{"start":{"line":155,"column":33},"end":{"line":155,"column":45}}]},"19":{"line":163,"type":"if","locations":[{"start":{"line":163,"column":8},"end":{"line":163,"column":8}},{"start":{"line":163,"column":8},"end":{"line":163,"column":8}}]},"20":{"line":163,"type":"binary-expr","locations":[{"start":{"line":163,"column":12},"end":{"line":163,"column":27}},{"start":{"line":163,"column":31},"end":{"line":163,"column":61}}]},"21":{"line":170,"type":"if","locations":[{"start":{"line":170,"column":8},"end":{"line":170,"column":8}},{"start":{"line":170,"column":8},"end":{"line":170,"column":8}}]},"22":{"line":173,"type":"if","locations":[{"start":{"line":173,"column":8},"end":{"line":173,"column":8}},{"start":{"line":173,"column":8},"end":{"line":173,"column":8}}]},"23":{"line":184,"type":"if","locations":[{"start":{"line":184,"column":8},"end":{"line":184,"column":8}},{"start":{"line":184,"column":8},"end":{"line":184,"column":8}}]},"24":{"line":186,"type":"if","locations":[{"start":{"line":186,"column":10},"end":{"line":186,"column":10}},{"start":{"line":186,"column":10},"end":{"line":186,"column":10}}]},"25":{"line":189,"type":"if","locations":[{"start":{"line":189,"column":16},"end":{"line":189,"column":16}},{"start":{"line":189,"column":16},"end":{"line":189,"column":16}}]},"26":{"line":218,"type":"if","locations":[{"start":{"line":218,"column":6},"end":{"line":218,"column":6}},{"start":{"line":218,"column":6},"end":{"line":218,"column":6}}]},"27":{"line":218,"type":"binary-expr","locations":[{"start":{"line":218,"column":10},"end":{"line":218,"column":18}},{"start":{"line":218,"column":22},"end":{"line":218,"column":42}}]},"28":{"line":223,"type":"binary-expr","locations":[{"start":{"line":223,"column":15},"end":{"line":223,"column":39}},{"start":{"line":223,"column":43},"end":{"line":223,"column":96}}]},"29":{"line":226,"type":"binary-expr","locations":[{"start":{"line":226,"column":15},"end":{"line":226,"column":39}},{"start":{"line":226,"column":43},"end":{"line":226,"column":97}}]},"30":{"line":230,"type":"binary-expr","locations":[{"start":{"line":230,"column":14},"end":{"line":230,"column":28}},{"start":{"line":230,"column":32},"end":{"line":230,"column":42}}]},"31":{"line":238,"type":"if","locations":[{"start":{"line":238,"column":6},"end":{"line":238,"column":6}},{"start":{"line":238,"column":6},"end":{"line":238,"column":6}}]},"32":{"line":239,"type":"if","locations":[{"start":{"line":239,"column":8},"end":{"line":239,"column":8}},{"start":{"line":239,"column":8},"end":{"line":239,"column":8}}]}},"code":["  const Capture = Windows.Media.Capture;","  const FocusMode = Windows.Media.Devices.FocusMode;","  const Promise = WinJS.Promise;","","  let currentVideoCapture;","","  function create(videoDeviceId) {","","    let captureSettings = new Capture.MediaCaptureInitializationSettings();","    captureSettings.streamingCaptureMode = Capture.StreamingCaptureMode.video;","    captureSettings.photoCaptureSource = Capture.PhotoCaptureSource.videoPreview;","    captureSettings.videoDeviceId = videoDeviceId;","","    let videoUrl;","","    let capture = new Windows.Media.Capture.MediaCapture();","    let displayInformation = Windows.Graphics.Display.DisplayInformation.getForCurrentView();","","    let initPromise = capture.initializeAsync(captureSettings);","","    initPromise.then(function () {","      adjustCaptureOrientation(displayInformation);","      displayInformation.addEventListener(\"orientationchanged\", onOrientationChange);","    });","","","    canFocus().then(function (canFocus) {","      let ctrl = capture.videoDeviceController;","      if (canFocus && ctrl.focusControl.configure && ctrl.focusControl.supportedFocusModes) {","","        function supportsFocusMode(mode) {","          return ctrl.focusControl.supportedFocusModes.indexOf(mode).returnValue;","        }","","        var focusConfig = new Windows.Media.Devices.FocusSettings();","        focusConfig.autoFocusRange = Windows.Media.Devices.AutoFocusRange.normal;","        focusConfig.disableDriverFallback = false;","        if (supportsFocusMode(FocusMode.continuous)) {","          focusConfig.mode = FocusMode.continuous;","        } else if (supportsFocusMode(FocusMode.auto)) {","          focusConfig.mode = FocusMode.auto;","        }","      }","    });","","    function onOrientationChange(e) {","      adjustCaptureOrientation(e.target);","    }","","    function adjustCaptureOrientation(displayInformation) {","","      let orientationDegrees = displayOrientationToDegrees(displayInformation.currentOrientation)","","      if (capture.getPreviewMirroring()) {","        orientationDegrees = 360 - orientationDegrees;","      }","      capture.setPreviewRotation(degreesToCaptureRotation(orientationDegrees));","    }","","    function displayOrientationToDegrees(displayOrientation) {","      switch (displayOrientation) {","        case Windows.Graphics.Display.DisplayOrientations.portrait:","          return 90;","          break;","        case Windows.Graphics.Display.DisplayOrientations.landscapeFlipped:","          return 180;","          break;","        case Windows.Graphics.Display.DisplayOrientations.portraitFlipped:","          return 270;","          break;","        case Windows.Graphics.Display.DisplayOrientations.landscape:","        default:","          return 0;","          break;","      }","    }","","    function degreesToCaptureRotation(degrees) {","      switch (degrees) {","        case 0:","          return Windows.Media.Capture.VideoRotation.none;","        case 270:","          return Windows.Media.Capture.VideoRotation.clockwise270Degrees;","        case 180:","          return Windows.Media.Capture.VideoRotation.clockwise180Degrees;","        case 90:","        default:","          return Windows.Media.Capture.VideoRotation.clockwise90Degrees;","      }","    }","","    function canFocus() {","      return initPromise.then(function () {","        if (capture.videoDeviceController) {","          let ctrl = capture.videoDeviceController;","          return ctrl.focusControl && ctrl.focusControl.supported;","        }","        return false;","      });","    }","","    let videoCapture = {","      videoDeviceId: videoDeviceId","    };","","    videoCapture.getUrl = function () {","      return initPromise.then(function () {","        if (!videoUrl) {","          videoUrl = URL.createObjectURL(capture)","        }","        return videoUrl;","      });","    }","","    videoCapture.getCapture = function () {","      return initPromise.then(function () {","        return capture;","      });","    }","","    videoCapture.canEnableLight = function () {","      return initPromise.then(function () {","        if (capture.videoDeviceController) {","          let ctrl = capture.videoDeviceController;","          return (ctrl.flashControl && ctrl.flashControl.supported)","            || (ctrl.torchControl && ctrl.torchControl.supported);","        }","        return false;","      });","    }","","    videoCapture.enableLight = function () {","      return videoCapture.canEnableLight().then(function (canEnableLight) {","        if (!canEnableLight) {","          return false;","        }","","        function lightEnabler(lightControl) {","          if (lightControl && lightControl.supported) {","            lightControl.enabled = true;","            if (lightControl.powerSupported) {","              lightControl.powerPercent = 90;","            }","            return true;","          }","          return false;","        }","","        if (capture.videoDeviceController) {","          let ctrl = capture.videoDeviceController;","","          let flashEnabled = lightEnabler(ctrl.flashControl);","          let torchEnabled = lightEnabler(ctrl.torchControl);","","          return flashEnabled || torchEnabled;","        }","        return false;","      });","    }","","    videoCapture.disableLight = function () {","      return videoCapture.canEnableLight().then(function (canEnableLight) {","        if (!canEnableLight || !capture.videoDeviceController) {","          return;","        }","","        let tc = capture.videoDeviceController.torchControl;","        let fc = capture.videoDeviceController.flashControl;","","        if (tc.enabled) {","          tc.enabled = false;","        }","        if (fc.enabled) {","          fc.enabled = false;","        }","      });","    }","","    videoCapture.focus = function () {","      const OPERATION_IS_IN_PROGRESS = -2147024567;","      const INITIAL_FOCUS_DELAY = 200;","","      canFocus().done(function (canFocus) {","        if (canFocus) {","          let focusControl = capture.videoDeviceController.focusControl;","          if (focusControl.focusState !== Windows.Media.Devices.MediaCaptureFocusState.searching) {","            Promise.timeout(INITIAL_FOCUS_DELAY).done(function(){","              focusControl.focusAsync().onerror = function (error) {","                if (error.number !== OPERATION_IS_IN_PROGRESS) {","                  console.error(error);","                }","              };","            });","","","          }","        }","      });","    }","","    videoCapture.destroy = function () {","      return initPromise.then(function () {","        displayInformation.removeEventListener(\"orientationchanged\", onOrientationChange);","      });","    }","","    currentVideoCapture = videoCapture;","    return videoCapture;","","  }","","  function getCameras() {","    var Devices = Windows.Devices.Enumeration;","","    return Devices.DeviceInformation.findAllAsync(Devices.DeviceClass.videoCapture)","    .then(function (cameras) {","","      if (!cameras || cameras.length === 0) {","        throw new Error(\"No cameras found\");","      }","","      let backCameras = cameras.filter(function (camera) {","        return camera.enclosureLocation && camera.enclosureLocation.panel === Devices.Panel.back;","      });","      let frontCameras = cameras.filter(function (camera) {","        return camera.enclosureLocation && camera.enclosureLocation.panel === Devices.Panel.front;","      });","","      return {","        back: backCameras[0] || cameras[0],","        front: frontCameras[0]","      };","    });","  }","","  module.exports = {","    get: function (videoDeviceId) {","      if (currentVideoCapture) {","        if (currentVideoCapture.videoDeviceId === videoDeviceId) {","          return Promise.wrap(currentVideoCapture);","        }","        currentVideoCapture.destroy().then(function () {","          return create(videoDeviceId);","        });","      }","      return Promise.wrap(create(videoDeviceId));","    },","    getCameras: getCameras","  };",""],"l":{"1":6,"2":0,"3":0,"5":0,"7":1,"9":0,"10":0,"11":0,"12":0,"14":0,"16":0,"17":0,"19":0,"21":0,"22":0,"23":0,"27":0,"28":0,"29":0,"31":1,"32":0,"35":0,"36":0,"37":0,"38":0,"39":0,"40":0,"41":0,"46":1,"47":0,"50":1,"52":0,"54":0,"55":0,"57":0,"60":1,"61":0,"63":0,"64":0,"66":0,"67":0,"69":0,"70":0,"73":0,"74":0,"78":1,"79":0,"81":0,"83":0,"85":0,"88":0,"92":1,"93":0,"94":0,"95":0,"96":0,"98":0,"102":0,"106":0,"107":0,"108":0,"109":0,"111":0,"115":0,"116":0,"117":0,"121":0,"122":0,"123":0,"124":0,"125":0,"128":0,"132":0,"133":0,"134":0,"135":0,"138":1,"139":0,"140":0,"141":0,"142":0,"144":0,"146":0,"149":0,"150":0,"152":0,"153":0,"155":0,"157":0,"161":0,"162":0,"163":0,"164":0,"167":0,"168":0,"170":0,"171":0,"173":0,"174":0,"179":0,"180":0,"181":0,"183":0,"184":0,"185":0,"186":0,"187":0,"188":0,"189":0,"190":0,"201":0,"202":0,"203":0,"207":0,"208":0,"212":1,"213":0,"215":0,"218":0,"219":0,"222":0,"223":0,"225":0,"226":0,"229":0,"236":0,"238":0,"239":0,"240":0,"242":0,"243":0,"246":0}},"/home/travis/build/npmtest/node-npmtest-cordova-plugin-qrscanner/node_modules/cordova-plugin-qrscanner/src/windows/lib/qrScannerProxy.js":{"path":"/home/travis/build/npmtest/node-npmtest-cordova-plugin-qrscanner/node_modules/cordova-plugin-qrscanner/src/windows/lib/qrScannerProxy.js","s":{"1":2,"2":0,"3":1,"4":0,"5":0,"6":0,"7":0,"8":0,"9":0,"10":0,"11":0},"b":{"1":[0,0],"2":[0,0]},"f":{"1":0,"2":0,"3":0},"fnMap":{"1":{"name":"wrap","line":5,"loc":{"start":{"line":5,"column":0},"end":{"line":5,"column":18}}},"2":{"name":"(anonymous_2)","line":6,"loc":{"start":{"line":6,"column":9},"end":{"line":6,"column":61}}},"3":{"name":"(anonymous_3)","line":7,"loc":{"start":{"line":7,"column":55},"end":{"line":7,"column":76}}}},"statementMap":{"1":{"start":{"line":1,"column":0},"end":{"line":1,"column":41}},"2":{"start":{"line":3,"column":0},"end":{"line":3,"column":15}},"3":{"start":{"line":5,"column":0},"end":{"line":11,"column":1}},"4":{"start":{"line":6,"column":2},"end":{"line":10,"column":3}},"5":{"start":{"line":7,"column":4},"end":{"line":9,"column":7}},"6":{"start":{"line":8,"column":6},"end":{"line":8,"column":49}},"7":{"start":{"line":13,"column":0},"end":{"line":17,"column":1}},"8":{"start":{"line":14,"column":2},"end":{"line":16,"column":3}},"9":{"start":{"line":15,"column":4},"end":{"line":15,"column":47}},"10":{"start":{"line":19,"column":0},"end":{"line":19,"column":23}},"11":{"start":{"line":21,"column":0},"end":{"line":21,"column":45}}},"branchMap":{"1":{"line":8,"type":"binary-expr","locations":[{"start":{"line":8,"column":20},"end":{"line":8,"column":40}},{"start":{"line":8,"column":44},"end":{"line":8,"column":47}}]},"2":{"line":14,"type":"if","locations":[{"start":{"line":14,"column":2},"end":{"line":14,"column":2}},{"start":{"line":14,"column":2},"end":{"line":14,"column":2}}]}},"code":["const qrScanner = require('./qrScanner');","","let proxy = {};","","function wrap(fn) {","  return function (successCallback, errorCallback, strInput) {","    fn.call(qrScanner, strInput).then(successCallback, function (errorCode) {","      errorCallback(errorCode.toString() || '0');","    });","  }","}","","for (let property in qrScanner) {","  if (typeof qrScanner[property] == \"function\") {","    proxy[property] = wrap(qrScanner[property])","  }","}","","module.exports = proxy;","","cordova.commandProxy.add(\"QRScanner\", proxy);",""],"l":{"1":2,"3":0,"5":1,"6":0,"7":0,"8":0,"13":0,"14":0,"15":0,"19":0,"21":0}}}